/sys_perf_check/cf53ce0b8fea4bb2/20 ***47***
/sys_perf_check/cf53ce0b8fea4bb2/20 ***46***
/sys_perf_check/cf53ce0b8fea4bb2/20 ***37***
/sys_perf_check/cf53ce0b8fea4bb2/20/ ***22***
/sys_perf_check/cf53ce0b8fea4bb2/20/ ***22***
/sys_perf_check/cf53ce0b8fea4bb2/20/ ***23***
/sys_perf_check/cf53ce0b8fea4bb2/20 ***3***
/sys_perf_check/cf53ce0b8fea4bb2/20 ***3***
/sys_perf_check/cf53ce0b8fea4bb2/20 ***3***
/sys_perf_check/cf53ce0b8fea4bb2/20 ***5***
/sys_perf_check/cf53ce0b8fea4bb2/20 ***2***
/sys_perf_check/cf53ce0b8fea4bb2/20/ ***20***
/sys_perf_check/cf53ce0b8fea4bb2/20/ ***19***
/sys_perf_check/cf53ce0b8fea4bb2/20/ ***20***
/sys_perf_check/cf53ce0b8fea4bb2/20/ ***18***
/sys_perf_check/cf53ce0b8fea4bb2/20 ***44***
/sys_perf_check/cf53ce0b8fea4bb2/20 ***42***
/sys_perf_check/cf53ce0b8fea4bb2/20/ ***20***
/sys_perf_check/cf53ce0b8fea4bb2/20/ ***20***
/sys_perf_check/cf53ce0b8fea4bb2/20 ***2***
/sys_perf_check/cf53ce0b8fea4bb2/20 ***4***
/sys_perf_check/cf53ce0b8fea4bb2/20 ***2***
/sys_perf_check/cf53ce0b8fea4bb2/20/ ***20***
/sys_perf_check/cf53ce0b8fea4bb2/20/ ***20***
/sys_perf_check/cf53ce0b8fea4bb2/20/ ***20***
/sys_perf_check/cf53ce0b8fea4bb2/20 ***35***
/sys_perf_check/cf53ce0b8fea4bb2/20/ ***18***
/sys_perf_check/cf53ce0b8fea4bb2/20 ***2***
/sys_perf_check/cf53ce0b8fea4bb2/20 ***2***
/sys_perf_check/cf53ce0b8fea4bb2/20 ***2***
/sys_perf_check/cf53ce0b8fea4bb2/20 ***3***
/sys_perf_check/cf53ce0b8fea4bb2/20 ***2***
/sys_perf_check/cf53ce0b8fea4bb2/20 ***2***
/sys_perf_check/cf53ce0b8fea4bb2/20/ ***23***
/sys_perf_check/cf53ce0b8fea4bb2/20/ ***21***
/sys_perf_check/cf53ce0b8fea4bb2/20/ ***25***
/sys_perf_check/cf53ce0b8fea4bb2/20/ ***35***
/sys_perf_check/cf53ce0b8fea4bb2/20/ ***17***
/sys_perf_check/cf53ce0b8fea4bb2/20/ ***19***
/sys_perf_check/cf53ce0b8fea4bb2/20 ***2932***
/sys_perf_check/cf53ce0b8fea4bb2/20/ ***21***
/sys_perf_check/cf53ce0b8fea4bb2/20 ***2***
/sys_perf_check/cf53ce0b8fea4bb2/20 ***2***
/sys_perf_check/cf53ce0b8fea4bb2/20 ***3***
/sys_perf_check/cf53ce0b8fea4bb2/20 ***6***
/sys_perf_check/cf53ce0b8fea4bb2/20/ ***20***
/sys_perf_check/cf53ce0b8fea4bb2/20/ ***21***
/sys_perf_check/cf53ce0b8fea4bb2/20/ ***21***
/sys_perf_check/cf53ce0b8fea4bb2/20/ ***25***
/sys_perf_check/cf53ce0b8fea4bb2/20 ***2***
/sys_perf_check/cf53ce0b8fea4bb2/20 ***2***
/sys_perf_check/cf53ce0b8fea4bb2/20 ***2***
/sys_perf_check/cf53ce0b8fea4bb2/20 ***2***
/sys_perf_check/cf53ce0b8fea4bb2/20/ ***24***
/sys_perf_check/cf53ce0b8fea4bb2/20/ ***18***
/sys_perf_check/cf53ce0b8fea4bb2/20/ ***25***
/sys_perf_check/cf53ce0b8fea4bb2/20/ ***18***
/sys_perf_check/cf53ce0b8fea4bb2/20 ***2***
/sys_perf_check/cf53ce0b8fea4bb2/20 ***4***
/sys_perf_check/cf53ce0b8fea4bb2/20 ***4***
/sys_perf_check/cf53ce0b8fea4bb2/20 ***2***
/sys_perf_check/cf53ce0b8fea4bb2/20 ***5***
/sys_perf_check/cf53ce0b8fea4bb2/20 ***7***
/sys_perf_check/cf53ce0b8fea4bb2/20/ ***20***
/sys_perf_check/cf53ce0b8fea4bb2/20/ ***20***
/sys_perf_check/cf53ce0b8fea4bb2/20/ ***20***
/sys_perf_check/cf53ce0b8fea4bb2/20/ ***20***
/sys_perf_check/cf53ce0b8fea4bb2/20/ ***23***
/sys_perf_check/cf53ce0b8fea4bb2/20 ***2***
/sys_perf_check/cf53ce0b8fea4bb2/20 ***1***
/sys_perf_check/cf53ce0b8fea4bb2/20 ***2***
/sys_perf_check/cf53ce0b8fea4bb2/20 ***4***
/sys_perf_check/cf53ce0b8fea4bb2/20 ***1***
/sys_perf_check/cf53ce0b8fea4bb2/20/ ***23***
/sys_perf_check/cf53ce0b8fea4bb2/20/ ***19***
/sys_perf_check/cf53ce0b8fea4bb2/20/ ***19***
/sys_perf_check/cf53ce0b8fea4bb2/20/ ***21***
/sys_perf_check/cf53ce0b8fea4bb2/20/ ***23***
/sys_perf_check/cf53ce0b8fea4bb2/20 ***2***
/sys_perf_check/cf53ce0b8fea4bb2/20 ***2***
/sys_perf_check/cf53ce0b8fea4bb2/20 ***1***
/sys_perf_check/cf53ce0b8fea4bb2/20/ ***20***
/sys_perf_check/cf53ce0b8fea4bb2/20/ ***21***
/sys_perf_check/cf53ce0b8fea4bb2/20/ ***23***
/sys_perf_check/cf53ce0b8fea4bb2/20 ***1***
/sys_perf_check/cf53ce0b8fea4bb2/20 ***2***
/sys_perf_check/cf53ce0b8fea4bb2/20 ***2***
/sys_perf_check/cf53ce0b8fea4bb2/20/ ***2952***
/sys_perf_check/cf53ce0b8fea4bb2/20 ***2***
/sys_perf_check/cf53ce0b8fea4bb2/20/ ***19***
/sys_perf_check/cf53ce0b8fea4bb2/20/ ***20***
/sys_perf_check/cf53ce0b8fea4bb2/20/ ***34***
/sys_perf_check/cf53ce0b8fea4bb2/20/ ***18***
/sys_perf_check/cf53ce0b8fea4bb2/20 ***1***
/sys_perf_check/cf53ce0b8fea4bb2/20 ***2***
/sys_perf_check/cf53ce0b8fea4bb2/20 ***2***
/sys_perf_check/cf53ce0b8fea4bb2/20 ***2***
/sys_perf_check/cf53ce0b8fea4bb2/20 ***2***
/sys_perf_check/cf53ce0b8fea4bb2/20/ ***22***
/sys_perf_check/cf53ce0b8fea4bb2/20/ ***23***
/sys_perf_check/cf53ce0b8fea4bb2/20/ ***22***
/sys_perf_check/cf53ce0b8fea4bb2/20/ ***17***
/sys_perf_check/cf53ce0b8fea4bb2/20/ ***19***
/sys_perf_check/cf53ce0b8fea4bb2/20 ***2***
/sys_perf_check/cf53ce0b8fea4bb2/20 ***2***
/sys_perf_check/cf53ce0b8fea4bb2/20 ***2***
/sys_perf_check/cf53ce0b8fea4bb2/20 ***1***
/sys_perf_check/cf53ce0b8fea4bb2/20 ***4***
/sys_perf_check/cf53ce0b8fea4bb2/20/ ***31***
/sys_perf_check/cf53ce0b8fea4bb2/20/ ***21***
/sys_perf_check/cf53ce0b8fea4bb2/20/ ***19***
/sys_perf_check/cf53ce0b8fea4bb2/20/ ***25***
/sys_perf_check/cf53ce0b8fea4bb2/20 ***1***
/sys_perf_check/cf53ce0b8fea4bb2/20 ***1***
/sys_perf_check/cf53ce0b8fea4bb2/20 ***2***
/sys_perf_check/cf53ce0b8fea4bb2/20/ ***22***
/sys_perf_check/cf53ce0b8fea4bb2/20/ ***19***
/sys_perf_check/cf53ce0b8fea4bb2/20/ ***24***
/sys_perf_check/cf53ce0b8fea4bb2/20 ***2***
/sys_perf_check/cf53ce0b8fea4bb2/20 ***4***
/sys_perf_check/cf53ce0b8fea4bb2/20 ***5***
/sys_perf_check/cf53ce0b8fea4bb2/20/ ***20***
/sys_perf_check/cf53ce0b8fea4bb2/20 ***2***
/sys_perf_check/cf53ce0b8fea4bb2/20 ***2***
/sys_perf_check/cf53ce0b8fea4bb2/20/ ***22***
/sys_perf_check/cf53ce0b8fea4bb2/20/ ***24***
/sys_perf_check/cf53ce0b8fea4bb2/20/ ***26***
/sys_perf_check/cf53ce0b8fea4bb2/20/ ***24***
/sys_perf_check/cf53ce0b8fea4bb2/20 ***2***
/sys_perf_check/cf53ce0b8fea4bb2/20 ***3***
/sys_perf_check/cf53ce0b8fea4bb2/20 ***2***
/sys_perf_check/cf53ce0b8fea4bb2/20 ***12***
/sys_perf_check/cf53ce0b8fea4bb2/20 ***2***
/sys_perf_check/cf53ce0b8fea4bb2/20/ ***31***
/sys_perf_check/cf53ce0b8fea4bb2/20/ ***20***
/sys_perf_check/cf53ce0b8fea4bb2/20/ ***20***
/sys_perf_check/cf53ce0b8fea4bb2/20/ ***27***
/sys_perf_check/cf53ce0b8fea4bb2/20/ ***23***
/sys_perf_check/cf53ce0b8fea4bb2/20 ***2***
/sys_perf_check/cf53ce0b8fea4bb2/20 ***2***
/sys_perf_check/cf53ce0b8fea4bb2/20 ***2***
/sys_perf_check/cf53ce0b8fea4bb2/20 ***1***
/sys_perf_check/cf53ce0b8fea4bb2/20 ***3***
/sys_perf_check/cf53ce0b8fea4bb2/20 ***3***
/sys_perf_check/cf53ce0b8fea4bb2/20 ***2***
/sys_perf_check/cf53ce0b8fea4bb2/20/ ***19***
/sys_perf_check/cf53ce0b8fea4bb2/20/ ***21***
/sys_perf_check/cf53ce0b8fea4bb2/20/ ***23***
/sys_perf_check/cf53ce0b8fea4bb2/20 ***2***
/sys_perf_check/cf53ce0b8fea4bb2/20/ ***23***
/sys_perf_check/cf53ce0b8fea4bb2/20/ ***23***
/sys_perf_check/cf53ce0b8fea4bb2/20/ ***25***
/sys_perf_check/cf53ce0b8fea4bb2/20/ ***24***
/sys_perf_check/cf53ce0b8fea4bb2/20 ***1***
/sys_perf_check/cf53ce0b8fea4bb2/20/ ***20***
/sys_perf_check/cf53ce0b8fea4bb2/20 ***1***
/sys_perf_check/cf53ce0b8fea4bb2/20 ***2***
/sys_perf_check/cf53ce0b8fea4bb2/20/ ***19***
/sys_perf_check/cf53ce0b8fea4bb2/20/ ***28***
/sys_perf_check/cf53ce0b8fea4bb2/20/ ***24***
/sys_perf_check/cf53ce0b8fea4bb2/20/ ***2997***
/sys_perf_check/cf53ce0b8fea4bb2/20 ***2***
/sys_perf_check/cf53ce0b8fea4bb2/20 ***2***
/sys_perf_check/cf53ce0b8fea4bb2/20 ***2***
/sys_perf_check/cf53ce0b8fea4bb2/20 ***1***
/sys_perf_check/cf53ce0b8fea4bb2/20 ***2***
/sys_perf_check/cf53ce0b8fea4bb2/20/ ***20***
/sys_perf_check/cf53ce0b8fea4bb2/20/ ***20***
/sys_perf_check/cf53ce0b8fea4bb2/20/ ***20***
/sys_perf_check/cf53ce0b8fea4bb2/20/ ***25***
/sys_perf_check/cf53ce0b8fea4bb2/20/ ***26***
/sys_perf_check/cf53ce0b8fea4bb2/20 ***3050***
/sys_perf_check/cf53ce0b8fea4bb2/20/ ***2044***
/sys_perf_check/cf53ce0b8fea4bb2/20/ ***19***
/sys_perf_check/cf53ce0b8fea4bb2/20 ***2***
/sys_perf_check/cf53ce0b8fea4bb2/20 ***1***
/sys_perf_check/cf53ce0b8fea4bb2/20 ***2***
/sys_perf_check/cf53ce0b8fea4bb2/20 ***1***
/sys_perf_check/cf53ce0b8fea4bb2/20 ***2***
/sys_perf_check/cf53ce0b8fea4bb2/20 ***2***
/sys_perf_check/cf53ce0b8fea4bb2/20 ***3***
/sys_perf_check/cf53ce0b8fea4bb2/20 ***2***
/sys_perf_check/cf53ce0b8fea4bb2/20/ ***20***
/sys_perf_check/cf53ce0b8fea4bb2/20/ ***20***
/sys_perf_check/cf53ce0b8fea4bb2/20/ ***24***
/sys_perf_check/cf53ce0b8fea4bb2/20/ ***21***
/sys_perf_check/cf53ce0b8fea4bb2/20/ ***24***
/sys_perf_check/cf53ce0b8fea4bb2/20/ ***23***
/sys_perf_check/cf53ce0b8fea4bb2/20/ ***25***
/sys_perf_check/cf53ce0b8fea4bb2/20/ ***18***
/sys_perf_check/cf53ce0b8fea4bb2/20 ***2***
/sys_perf_check/cf53ce0b8fea4bb2/20 ***2***
/sys_perf_check/cf53ce0b8fea4bb2/20 ***2***
/sys_perf_check/cf53ce0b8fea4bb2/20/ ***21***
/sys_perf_check/cf53ce0b8fea4bb2/20/ ***25***
/sys_perf_check/cf53ce0b8fea4bb2/20 ***2***
/sys_perf_check/cf53ce0b8fea4bb2/20/ ***21***
/sys_perf_check/cf53ce0b8fea4bb2/20 ***2***
/sys_perf_check/cf53ce0b8fea4bb2/20 ***2***
/sys_perf_check/cf53ce0b8fea4bb2/20 ***2***
/sys_perf_check/cf53ce0b8fea4bb2/20 ***2***
/sys_perf_check/cf53ce0b8fea4bb2/20 ***7***
/sys_perf_check/cf53ce0b8fea4bb2/20/ ***28***
/sys_perf_check/cf53ce0b8fea4bb2/20/ ***20***
/sys_perf_check/cf53ce0b8fea4bb2/20/ ***20***
/sys_perf_check/cf53ce0b8fea4bb2/20/ ***20***
/sys_perf_check/cf53ce0b8fea4bb2/20 ***1***
/sys_perf_check/cf53ce0b8fea4bb2/20/ ***18***
/sys_perf_check/cf53ce0b8fea4bb2/20 ***35***
/sys_perf_check/cf53ce0b8fea4bb2/20/ ***20***
/sys_perf_check/cf53ce0b8fea4bb2/20 ***1***
/sys_perf_check/cf53ce0b8fea4bb2/20 ***4***
/sys_perf_check/cf53ce0b8fea4bb2/20 ***1***
/sys_perf_check/cf53ce0b8fea4bb2/20 ***2***
/sys_perf_check/cf53ce0b8fea4bb2/20 ***2***
/sys_perf_check/cf53ce0b8fea4bb2/20 ***2***
/sys_perf_check/cf53ce0b8fea4bb2/20 ***2***
/sys_perf_check/cf53ce0b8fea4bb2/20 ***2***
/sys_perf_check/cf53ce0b8fea4bb2/20/ ***17***
/sys_perf_check/cf53ce0b8fea4bb2/20/ ***21***
/sys_perf_check/cf53ce0b8fea4bb2/20/ ***27***
/sys_perf_check/cf53ce0b8fea4bb2/20/ ***22***
/sys_perf_check/cf53ce0b8fea4bb2/20/ ***23***
/sys_perf_check/cf53ce0b8fea4bb2/20/ ***25***
/sys_perf_check/cf53ce0b8fea4bb2/20/ ***29***
/sys_perf_check/cf53ce0b8fea4bb2/20/ ***17***
/sys_perf_check/cf53ce0b8fea4bb2/20 ***2***
/sys_perf_check/cf53ce0b8fea4bb2/20 ***2***
/sys_perf_check/cf53ce0b8fea4bb2/20/ ***23***
/sys_perf_check/cf53ce0b8fea4bb2/20/ ***25***
/sys_perf_check/cf53ce0b8fea4bb2/20 ***2***
/sys_perf_check/cf53ce0b8fea4bb2/20/ ***20***
/sys_perf_check/cf53ce0b8fea4bb2/20 ***2***
/sys_perf_check/cf53ce0b8fea4bb2/20 ***1***
/sys_perf_check/cf53ce0b8fea4bb2/20 ***3***
/sys_perf_check/cf53ce0b8fea4bb2/20 ***3***
/sys_perf_check/cf53ce0b8fea4bb2/20/ ***19***
/sys_perf_check/cf53ce0b8fea4bb2/20/ ***30***
/sys_perf_check/cf53ce0b8fea4bb2/20/ ***19***
/sys_perf_check/cf53ce0b8fea4bb2/20/ ***24***
/sys_perf_check/cf53ce0b8fea4bb2/20 ***2***
/sys_perf_check/cf53ce0b8fea4bb2/20/ ***21***
/sys_perf_check/cf53ce0b8fea4bb2/20 ***2***
/sys_perf_check/cf53ce0b8fea4bb2/20/ ***21***
/sys_perf_check/cf53ce0b8fea4bb2/20 ***2***
/sys_perf_check/cf53ce0b8fea4bb2/20 ***2***
/sys_perf_check/cf53ce0b8fea4bb2/20 ***1***
/sys_perf_check/cf53ce0b8fea4bb2/20 ***2***
/sys_perf_check/cf53ce0b8fea4bb2/20 ***2***
/sys_perf_check/cf53ce0b8fea4bb2/20 ***4***
/sys_perf_check/cf53ce0b8fea4bb2/20 ***3093***
/sys_perf_check/cf53ce0b8fea4bb2/20 ***3***
/sys_perf_check/cf53ce0b8fea4bb2/20/ ***1699***
/sys_perf_check/cf53ce0b8fea4bb2/20 ***2***
/sys_perf_check/cf53ce0b8fea4bb2/20/ ***23***
/sys_perf_check/cf53ce0b8fea4bb2/20/ ***22***
/sys_perf_check/cf53ce0b8fea4bb2/20/ ***27***
/sys_perf_check/cf53ce0b8fea4bb2/20/ ***24***
/sys_perf_check/cf53ce0b8fea4bb2/20/ ***20***
/sys_perf_check/cf53ce0b8fea4bb2/20/ ***26***
/sys_perf_check/cf53ce0b8fea4bb2/20/ ***23***
/sys_perf_check/cf53ce0b8fea4bb2/20/ ***23***
/sys_perf_check/cf53ce0b8fea4bb2/20 ***2***
/sys_perf_check/cf53ce0b8fea4bb2/20 ***2***
/sys_perf_check/cf53ce0b8fea4bb2/20/ ***21***
/sys_perf_check/cf53ce0b8fea4bb2/20/ ***20***
/sys_perf_check/cf53ce0b8fea4bb2/20 ***33***
/sys_perf_check/cf53ce0b8fea4bb2/20/ ***21***
/sys_perf_check/cf53ce0b8fea4bb2/20 ***2***
/sys_perf_check/cf53ce0b8fea4bb2/20 ***2***
/sys_perf_check/cf53ce0b8fea4bb2/20 ***2***
/sys_perf_check/cf53ce0b8fea4bb2/20 ***1***
/sys_perf_check/cf53ce0b8fea4bb2/20/ ***24***
/sys_perf_check/cf53ce0b8fea4bb2/20/ ***24***
/sys_perf_check/cf53ce0b8fea4bb2/20/ ***22***
/sys_perf_check/cf53ce0b8fea4bb2/20/ ***24***
/sys_perf_check/cf53ce0b8fea4bb2/20 ***2***
/sys_perf_check/cf53ce0b8fea4bb2/20/ ***20***
/sys_perf_check/cf53ce0b8fea4bb2/20 ***2***
/sys_perf_check/cf53ce0b8fea4bb2/20/ ***20***
/sys_perf_check/cf53ce0b8fea4bb2/20 ***3***
/sys_perf_check/cf53ce0b8fea4bb2/20 ***2***
/sys_perf_check/cf53ce0b8fea4bb2/20 ***2***
/sys_perf_check/cf53ce0b8fea4bb2/20/ ***19***
/sys_perf_check/cf53ce0b8fea4bb2/20 ***2***
/sys_perf_check/cf53ce0b8fea4bb2/20/ ***2989***
/sys_perf_check/cf53ce0b8fea4bb2/20 ***2***
/sys_perf_check/cf53ce0b8fea4bb2/20 ***4***
/sys_perf_check/cf53ce0b8fea4bb2/20 ***4***
/sys_perf_check/cf53ce0b8fea4bb2/20 ***4***
/sys_perf_check/cf53ce0b8fea4bb2/20 ***4***
/sys_perf_check/cf53ce0b8fea4bb2/20/ ***27***
/sys_perf_check/cf53ce0b8fea4bb2/20/ ***24***
/sys_perf_check/cf53ce0b8fea4bb2/20/ ***19***
/sys_perf_check/cf53ce0b8fea4bb2/20/ ***20***
/sys_perf_check/cf53ce0b8fea4bb2/20/ ***26***
/sys_perf_check/cf53ce0b8fea4bb2/20/ ***21***
/sys_perf_check/cf53ce0b8fea4bb2/20/ ***23***
/sys_perf_check/cf53ce0b8fea4bb2/20/ ***24***
/sys_perf_check/cf53ce0b8fea4bb2/20 ***3***
/sys_perf_check/cf53ce0b8fea4bb2/20 ***3***
/sys_perf_check/cf53ce0b8fea4bb2/20/ ***19***
/sys_perf_check/cf53ce0b8fea4bb2/20/ ***20***
/sys_perf_check/cf53ce0b8fea4bb2/20 ***2***
/sys_perf_check/cf53ce0b8fea4bb2/20/ ***20***
/sys_perf_check/cf53ce0b8fea4bb2/20 ***2***
/sys_perf_check/cf53ce0b8fea4bb2/20 ***3***
/sys_perf_check/cf53ce0b8fea4bb2/20 ***3***
/sys_perf_check/cf53ce0b8fea4bb2/20 ***4***
/sys_perf_check/cf53ce0b8fea4bb2/20/ ***20***
/sys_perf_check/cf53ce0b8fea4bb2/20/ ***21***
/sys_perf_check/cf53ce0b8fea4bb2/20/ ***17***
/sys_perf_check/cf53ce0b8fea4bb2/20/ ***20***
/sys_perf_check/cf53ce0b8fea4bb2/20 ***2***
/sys_perf_check/cf53ce0b8fea4bb2/20/ ***20***
/sys_perf_check/cf53ce0b8fea4bb2/20 ***2***
/sys_perf_check/cf53ce0b8fea4bb2/20/ ***19***
/sys_perf_check/cf53ce0b8fea4bb2/20 ***2***
/sys_perf_check/cf53ce0b8fea4bb2/20 ***1***
/sys_perf_check/cf53ce0b8fea4bb2/20 ***2***
/sys_perf_check/cf53ce0b8fea4bb2/20 ***2***
/sys_perf_check/cf53ce0b8fea4bb2/20/ ***22***
/sys_perf_check/cf53ce0b8fea4bb2/20 ***3***
/sys_perf_check/cf53ce0b8fea4bb2/20 ***2***
/sys_perf_check/cf53ce0b8fea4bb2/20 ***2***
/sys_perf_check/cf53ce0b8fea4bb2/20 ***1***
/sys_perf_check/cf53ce0b8fea4bb2/20/ ***25***
/sys_perf_check/cf53ce0b8fea4bb2/20 ***2***
/sys_perf_check/cf53ce0b8fea4bb2/20 ***4***
/sys_perf_check/cf53ce0b8fea4bb2/20/ ***18***
/sys_perf_check/cf53ce0b8fea4bb2/20/ ***22***
/sys_perf_check/cf53ce0b8fea4bb2/20/ ***21***
/sys_perf_check/cf53ce0b8fea4bb2/20/ ***25***
/sys_perf_check/cf53ce0b8fea4bb2/20/ ***23***
/sys_perf_check/cf53ce0b8fea4bb2/20/ ***23***
/sys_perf_check/cf53ce0b8fea4bb2/20/ ***23***
/sys_perf_check/cf53ce0b8fea4bb2/20 ***1***
/sys_perf_check/cf53ce0b8fea4bb2/20 ***2***
/sys_perf_check/cf53ce0b8fea4bb2/20/ ***20***
/sys_perf_check/cf53ce0b8fea4bb2/20/ ***20***
/sys_perf_check/cf53ce0b8fea4bb2/20 ***2***
/sys_perf_check/cf53ce0b8fea4bb2/20/ ***20***
/sys_perf_check/cf53ce0b8fea4bb2/20 ***2***
/sys_perf_check/cf53ce0b8fea4bb2/20 ***2***
/sys_perf_check/cf53ce0b8fea4bb2/20 ***4***
/sys_perf_check/cf53ce0b8fea4bb2/20 ***2***
/sys_perf_check/cf53ce0b8fea4bb2/20/ ***24***
/sys_perf_check/cf53ce0b8fea4bb2/20/ ***18***
/sys_perf_check/cf53ce0b8fea4bb2/20/ ***24***
/sys_perf_check/cf53ce0b8fea4bb2/20/ ***20***
/sys_perf_check/cf53ce0b8fea4bb2/20 ***2***
/sys_perf_check/cf53ce0b8fea4bb2/20/ ***3001***
/sys_perf_check/cf53ce0b8fea4bb2/20 ***2***
/sys_perf_check/cf53ce0b8fea4bb2/20/ ***20***
/sys_perf_check/cf53ce0b8fea4bb2/20/ ***19***
/sys_perf_check/cf53ce0b8fea4bb2/20 ***2***
/sys_perf_check/cf53ce0b8fea4bb2/20 ***1***
/sys_perf_check/cf53ce0b8fea4bb2/20 ***2***
/sys_perf_check/cf53ce0b8fea4bb2/20 ***2***
/sys_perf_check/cf53ce0b8fea4bb2/20/ ***24***
/sys_perf_check/cf53ce0b8fea4bb2/20/ ***23***
/sys_perf_check/cf53ce0b8fea4bb2/20 ***2***
/sys_perf_check/cf53ce0b8fea4bb2/20 ***4***
/sys_perf_check/cf53ce0b8fea4bb2/20 ***4***
/sys_perf_check/cf53ce0b8fea4bb2/20 ***4***
/sys_perf_check/cf53ce0b8fea4bb2/20 ***7***
/sys_perf_check/cf53ce0b8fea4bb2/20/ ***20***
/sys_perf_check/cf53ce0b8fea4bb2/20/ ***28***
/sys_perf_check/cf53ce0b8fea4bb2/20/ ***21***
/sys_perf_check/cf53ce0b8fea4bb2/20/ ***23***
/sys_perf_check/cf53ce0b8fea4bb2/20/ ***23***
/sys_perf_check/cf53ce0b8fea4bb2/20/ ***24***
/sys_perf_check/cf53ce0b8fea4bb2/20/ ***22***
/sys_perf_check/cf53ce0b8fea4bb2/20 ***1***
/sys_perf_check/cf53ce0b8fea4bb2/20 ***3***
/sys_perf_check/cf53ce0b8fea4bb2/20/ ***20***
/sys_perf_check/cf53ce0b8fea4bb2/20/ ***24***
/sys_perf_check/cf53ce0b8fea4bb2/20 ***1***
/sys_perf_check/cf53ce0b8fea4bb2/20/ ***20***
/sys_perf_check/cf53ce0b8fea4bb2/20 ***1***
/sys_perf_check/cf53ce0b8fea4bb2/20 ***3***
/sys_perf_check/cf53ce0b8fea4bb2/20 ***2***
/sys_perf_check/cf53ce0b8fea4bb2/20 ***2***
/sys_perf_check/cf53ce0b8fea4bb2/20/ ***19***
/sys_perf_check/cf53ce0b8fea4bb2/20/ ***20***
/sys_perf_check/cf53ce0b8fea4bb2/20/ ***23***
/sys_perf_check/cf53ce0b8fea4bb2/20/ ***24***
/sys_perf_check/cf53ce0b8fea4bb2/20 ***2***
/sys_perf_check/cf53ce0b8fea4bb2/20 ***7***
/sys_perf_check/cf53ce0b8fea4bb2/20/ ***22***
/sys_perf_check/cf53ce0b8fea4bb2/20 ***7***
/sys_perf_check/cf53ce0b8fea4bb2/20/ ***28***
/sys_perf_check/cf53ce0b8fea4bb2/20/ ***24***
/sys_perf_check/cf53ce0b8fea4bb2/20 ***3***
/sys_perf_check/cf53ce0b8fea4bb2/20 ***2***
/sys_perf_check/cf53ce0b8fea4bb2/20 ***2***
/sys_perf_check/cf53ce0b8fea4bb2/20/ ***21***
/sys_perf_check/cf53ce0b8fea4bb2/20/ ***24***
/sys_perf_check/cf53ce0b8fea4bb2/20 ***2***
/sys_perf_check/cf53ce0b8fea4bb2/20 ***2***
/sys_perf_check/cf53ce0b8fea4bb2/20 ***2***
/sys_perf_check/cf53ce0b8fea4bb2/20 ***2***
/sys_perf_check/cf53ce0b8fea4bb2/20 ***2***
/sys_perf_check/cf53ce0b8fea4bb2/20 ***2***
/sys_perf_check/cf53ce0b8fea4bb2/20/ ***20***
/sys_perf_check/cf53ce0b8fea4bb2/20/ ***21***
/sys_perf_check/cf53ce0b8fea4bb2/20/ ***18***
/sys_perf_check/cf53ce0b8fea4bb2/20/ ***19***
/sys_perf_check/cf53ce0b8fea4bb2/20/ ***20***
/sys_perf_check/cf53ce0b8fea4bb2/20/ ***22***
/sys_perf_check/cf53ce0b8fea4bb2/20/ ***22***
/sys_perf_check/cf53ce0b8fea4bb2/20 ***1***
/sys_perf_check/cf53ce0b8fea4bb2/20 ***2***
/sys_perf_check/cf53ce0b8fea4bb2/20/ ***21***
/sys_perf_check/cf53ce0b8fea4bb2/20/ ***25***
/sys_perf_check/cf53ce0b8fea4bb2/20 ***1***
/sys_perf_check/cf53ce0b8fea4bb2/20/ ***20***
/sys_perf_check/cf53ce0b8fea4bb2/20 ***1***
/sys_perf_check/cf53ce0b8fea4bb2/20 ***3***
/sys_perf_check/cf53ce0b8fea4bb2/20 ***3***
/sys_perf_check/cf53ce0b8fea4bb2/20 ***1***
/sys_perf_check/cf53ce0b8fea4bb2/20/ ***24***
/sys_perf_check/cf53ce0b8fea4bb2/20/ ***19***
/sys_perf_check/cf53ce0b8fea4bb2/20/ ***20***
/sys_perf_check/cf53ce0b8fea4bb2/20/ ***24***
/sys_perf_check/cf53ce0b8fea4bb2/20/ ***2904***
/sys_perf_check/cf53ce0b8fea4bb2/20 ***2***
/sys_perf_check/cf53ce0b8fea4bb2/20 ***1***
/sys_perf_check/cf53ce0b8fea4bb2/20 ***2***
/sys_perf_check/cf53ce0b8fea4bb2/20/ ***22***
/sys_perf_check/cf53ce0b8fea4bb2/20/ ***19***
/sys_perf_check/cf53ce0b8fea4bb2/20/ ***20***
/sys_perf_check/cf53ce0b8fea4bb2/20 ***2***
/sys_perf_check/cf53ce0b8fea4bb2/20 ***2***
/sys_perf_check/cf53ce0b8fea4bb2/20 ***2***
/sys_perf_check/cf53ce0b8fea4bb2/20/ ***22***
/sys_perf_check/cf53ce0b8fea4bb2/20/ ***25***
/sys_perf_check/cf53ce0b8fea4bb2/20 ***2***
/sys_perf_check/cf53ce0b8fea4bb2/20 ***2***
/sys_perf_check/cf53ce0b8fea4bb2/20 ***2***
/sys_perf_check/cf53ce0b8fea4bb2/20 ***2***
/sys_perf_check/cf53ce0b8fea4bb2/20 ***3***
/sys_perf_check/cf53ce0b8fea4bb2/20 ***3***
/sys_perf_check/cf53ce0b8fea4bb2/20/ ***23***
/sys_perf_check/cf53ce0b8fea4bb2/20/ ***20***
/sys_perf_check/cf53ce0b8fea4bb2/20/ ***29***
/sys_perf_check/cf53ce0b8fea4bb2/20/ ***24***
/sys_perf_check/cf53ce0b8fea4bb2/20/ ***22***
/sys_perf_check/cf53ce0b8fea4bb2/20/ ***24***
/sys_perf_check/cf53ce0b8fea4bb2/20/ ***26***
/sys_perf_check/cf53ce0b8fea4bb2/20 ***2***
/sys_perf_check/cf53ce0b8fea4bb2/20 ***2***
/sys_perf_check/cf53ce0b8fea4bb2/20/ ***28***
/sys_perf_check/cf53ce0b8fea4bb2/20/ ***25***
/sys_perf_check/cf53ce0b8fea4bb2/20 ***2***
/sys_perf_check/cf53ce0b8fea4bb2/20/ ***21***
/sys_perf_check/cf53ce0b8fea4bb2/20 ***2***
/sys_perf_check/cf53ce0b8fea4bb2/20 ***2***
/sys_perf_check/cf53ce0b8fea4bb2/20 ***2***
/sys_perf_check/cf53ce0b8fea4bb2/20 ***4***
/sys_perf_check/cf53ce0b8fea4bb2/20/ ***22***
/sys_perf_check/cf53ce0b8fea4bb2/20/ ***21***
/sys_perf_check/cf53ce0b8fea4bb2/20/ ***21***
/sys_perf_check/cf53ce0b8fea4bb2/20/ ***25***
/sys_perf_check/cf53ce0b8fea4bb2/20 ***2***
/sys_perf_check/cf53ce0b8fea4bb2/20/ ***22***
/sys_perf_check/cf53ce0b8fea4bb2/20 ***2***
/sys_perf_check/cf53ce0b8fea4bb2/20 ***2***
/sys_perf_check/cf53ce0b8fea4bb2/20 ***2***
/sys_perf_check/cf53ce0b8fea4bb2/20/ ***21***
/sys_perf_check/cf53ce0b8fea4bb2/20/ ***21***
/sys_perf_check/cf53ce0b8fea4bb2/20/ ***25***
/sys_perf_check/cf53ce0b8fea4bb2/20 ***2***
/sys_perf_check/cf53ce0b8fea4bb2/20 ***2***
/sys_perf_check/cf53ce0b8fea4bb2/20/ ***22***
/sys_perf_check/cf53ce0b8fea4bb2/20/ ***21***
/sys_perf_check/cf53ce0b8fea4bb2/20 ***2***
/sys_perf_check/cf53ce0b8fea4bb2/20 ***3***
/sys_perf_check/cf53ce0b8fea4bb2/20 ***2***
/sys_perf_check/cf53ce0b8fea4bb2/20 ***3***
/sys_perf_check/cf53ce0b8fea4bb2/20 ***3***
/sys_perf_check/cf53ce0b8fea4bb2/20 ***6***
/sys_perf_check/cf53ce0b8fea4bb2/20/ ***20***
/sys_perf_check/cf53ce0b8fea4bb2/20/ ***20***
/sys_perf_check/cf53ce0b8fea4bb2/20 ***34***
/sys_perf_check/cf53ce0b8fea4bb2/20/ ***25***
/sys_perf_check/cf53ce0b8fea4bb2/20/ ***22***
/sys_perf_check/cf53ce0b8fea4bb2/20/ ***24***
/sys_perf_check/cf53ce0b8fea4bb2/20/ ***25***
/sys_perf_check/cf53ce0b8fea4bb2/20/ ***19***
/sys_perf_check/cf53ce0b8fea4bb2/20 ***2***
/sys_perf_check/cf53ce0b8fea4bb2/20 ***2***
/sys_perf_check/cf53ce0b8fea4bb2/20/ ***20***
/sys_perf_check/cf53ce0b8fea4bb2/20/ ***20***
/sys_perf_check/cf53ce0b8fea4bb2/20 ***1***
/sys_perf_check/cf53ce0b8fea4bb2/20/ ***20***
/sys_perf_check/cf53ce0b8fea4bb2/20 ***2***
/sys_perf_check/cf53ce0b8fea4bb2/20 ***2***
/sys_perf_check/cf53ce0b8fea4bb2/20 ***3***
/sys_perf_check/cf53ce0b8fea4bb2/20 ***4***
/sys_perf_check/cf53ce0b8fea4bb2/20/ ***21***
/sys_perf_check/cf53ce0b8fea4bb2/20/ ***23***
/sys_perf_check/cf53ce0b8fea4bb2/20/ ***21***
/sys_perf_check/cf53ce0b8fea4bb2/20/ ***25***
/sys_perf_check/cf53ce0b8fea4bb2/20 ***2***
/sys_perf_check/cf53ce0b8fea4bb2/20/ ***20***
/sys_perf_check/cf53ce0b8fea4bb2/20 ***2***
/sys_perf_check/cf53ce0b8fea4bb2/20 ***1***
/sys_perf_check/cf53ce0b8fea4bb2/20/ ***21***
/sys_perf_check/cf53ce0b8fea4bb2/20 ***2***
/sys_perf_check/cf53ce0b8fea4bb2/20/ ***25***
/sys_perf_check/cf53ce0b8fea4bb2/20/ ***25***
/sys_perf_check/cf53ce0b8fea4bb2/20 ***2***
/sys_perf_check/cf53ce0b8fea4bb2/20 ***2***
/sys_perf_check/cf53ce0b8fea4bb2/20/ ***20***
/sys_perf_check/cf53ce0b8fea4bb2/20 ***1***
/sys_perf_check/cf53ce0b8fea4bb2/20/ ***21***
/sys_perf_check/cf53ce0b8fea4bb2/20 ***1***
/sys_perf_check/cf53ce0b8fea4bb2/20 ***3***
/sys_perf_check/cf53ce0b8fea4bb2/20 ***2***
/sys_perf_check/cf53ce0b8fea4bb2/20 ***2***
/sys_perf_check/cf53ce0b8fea4bb2/20 ***6***
/sys_perf_check/cf53ce0b8fea4bb2/20/ ***20***
/sys_perf_check/cf53ce0b8fea4bb2/20/ ***27***
/sys_perf_check/cf53ce0b8fea4bb2/20/ ***26***
/sys_perf_check/cf53ce0b8fea4bb2/20/ ***21***
/sys_perf_check/cf53ce0b8fea4bb2/20/ ***22***
/sys_perf_check/cf53ce0b8fea4bb2/20 ***42***
/sys_perf_check/cf53ce0b8fea4bb2/20 ***2***
/sys_perf_check/cf53ce0b8fea4bb2/20 ***2***
/sys_perf_check/cf53ce0b8fea4bb2/20/ ***22***
/sys_perf_check/cf53ce0b8fea4bb2/20/ ***36***
/sys_perf_check/cf53ce0b8fea4bb2/20/ ***22***
/sys_perf_check/cf53ce0b8fea4bb2/20/ ***21***
/sys_perf_check/cf53ce0b8fea4bb2/20 ***2***
/sys_perf_check/cf53ce0b8fea4bb2/20/ ***21***
/sys_perf_check/cf53ce0b8fea4bb2/20 ***2***
/sys_perf_check/cf53ce0b8fea4bb2/20 ***4***
/sys_perf_check/cf53ce0b8fea4bb2/20 ***4***
/sys_perf_check/cf53ce0b8fea4bb2/20 ***2***
/sys_perf_check/cf53ce0b8fea4bb2/20/ ***25***
/sys_perf_check/cf53ce0b8fea4bb2/20/ ***21***
/sys_perf_check/cf53ce0b8fea4bb2/20/ ***26***
/sys_perf_check/cf53ce0b8fea4bb2/20 ***2***
/sys_perf_check/cf53ce0b8fea4bb2/20 ***2***
/sys_perf_check/cf53ce0b8fea4bb2/20/ ***22***
/sys_perf_check/cf53ce0b8fea4bb2/20 ***2***
/sys_perf_check/cf53ce0b8fea4bb2/20/ ***22***
/sys_perf_check/cf53ce0b8fea4bb2/20/ ***40***
/sys_perf_check/cf53ce0b8fea4bb2/20 ***2***
/sys_perf_check/cf53ce0b8fea4bb2/20 ***2***
/sys_perf_check/cf53ce0b8fea4bb2/20/ ***26***
/sys_perf_check/cf53ce0b8fea4bb2/20/ ***21***
/sys_perf_check/cf53ce0b8fea4bb2/20 ***1***
/sys_perf_check/cf53ce0b8fea4bb2/20 ***3***
/sys_perf_check/cf53ce0b8fea4bb2/20 ***3***
/sys_perf_check/cf53ce0b8fea4bb2/20 ***2***
/sys_perf_check/cf53ce0b8fea4bb2/20/ ***20***
/sys_perf_check/cf53ce0b8fea4bb2/20/ ***22***
/sys_perf_check/cf53ce0b8fea4bb2/20/ ***20***
/sys_perf_check/cf53ce0b8fea4bb2/20 ***2***
/sys_perf_check/cf53ce0b8fea4bb2/20/ ***26***
/sys_perf_check/cf53ce0b8fea4bb2/20 ***1***
/sys_perf_check/cf53ce0b8fea4bb2/20 ***1***
/sys_perf_check/cf53ce0b8fea4bb2/20 ***12***
/sys_perf_check/cf53ce0b8fea4bb2/20/ ***26***
/sys_perf_check/cf53ce0b8fea4bb2/20/ ***18***
/sys_perf_check/cf53ce0b8fea4bb2/20/ ***27***
/sys_perf_check/cf53ce0b8fea4bb2/20/ ***18***
/sys_perf_check/cf53ce0b8fea4bb2/20 ***2***
/sys_perf_check/cf53ce0b8fea4bb2/20/ ***20***
/sys_perf_check/cf53ce0b8fea4bb2/20 ***1***
/sys_perf_check/cf53ce0b8fea4bb2/20 ***3***
/sys_perf_check/cf53ce0b8fea4bb2/20 ***4***
/sys_perf_check/cf53ce0b8fea4bb2/20/ ***20***
/sys_perf_check/cf53ce0b8fea4bb2/20/ ***25***
/sys_perf_check/cf53ce0b8fea4bb2/20/ ***24***
/sys_perf_check/cf53ce0b8fea4bb2/20 ***1***
/sys_perf_check/cf53ce0b8fea4bb2/20/ ***22***
/sys_perf_check/cf53ce0b8fea4bb2/20 ***2***
/sys_perf_check/cf53ce0b8fea4bb2/20 ***1***
/sys_perf_check/cf53ce0b8fea4bb2/20/ ***19***
/sys_perf_check/cf53ce0b8fea4bb2/20/ ***19***
/sys_perf_check/cf53ce0b8fea4bb2/20 ***2***
/sys_perf_check/cf53ce0b8fea4bb2/20 ***2***
/sys_perf_check/cf53ce0b8fea4bb2/20/ ***19***
/sys_perf_check/cf53ce0b8fea4bb2/20/ ***19***
/sys_perf_check/cf53ce0b8fea4bb2/20 ***2***
/sys_perf_check/cf53ce0b8fea4bb2/20 ***2***
/sys_perf_check/cf53ce0b8fea4bb2/20 ***3***
/sys_perf_check/cf53ce0b8fea4bb2/20 ***3***
/sys_perf_check/cf53ce0b8fea4bb2/20/ ***20***
/sys_perf_check/cf53ce0b8fea4bb2/20/ ***19***
/sys_perf_check/cf53ce0b8fea4bb2/20/ ***22***
/sys_perf_check/cf53ce0b8fea4bb2/20 ***1***
/sys_perf_check/cf53ce0b8fea4bb2/20 ***1***
/sys_perf_check/cf53ce0b8fea4bb2/20/ ***26***
/sys_perf_check/cf53ce0b8fea4bb2/20 ***1***
/sys_perf_check/cf53ce0b8fea4bb2/20 ***1***
/sys_perf_check/cf53ce0b8fea4bb2/20/ ***22***
/sys_perf_check/cf53ce0b8fea4bb2/20/ ***22***
/sys_perf_check/cf53ce0b8fea4bb2/20/ ***21***
/sys_perf_check/cf53ce0b8fea4bb2/20/ ***24***
/sys_perf_check/cf53ce0b8fea4bb2/20 ***2***
/sys_perf_check/cf53ce0b8fea4bb2/20/ ***21***
/sys_perf_check/cf53ce0b8fea4bb2/20 ***2***
/sys_perf_check/cf53ce0b8fea4bb2/20 ***2***
/sys_perf_check/cf53ce0b8fea4bb2/20 ***7***
/sys_perf_check/cf53ce0b8fea4bb2/20/ ***28***
/sys_perf_check/cf53ce0b8fea4bb2/20/ ***20***
/sys_perf_check/cf53ce0b8fea4bb2/20/ ***23***
/sys_perf_check/cf53ce0b8fea4bb2/20 ***2***
/sys_perf_check/cf53ce0b8fea4bb2/20/ ***21***
/sys_perf_check/cf53ce0b8fea4bb2/20 ***3***
/sys_perf_check/cf53ce0b8fea4bb2/20 ***2***
/sys_perf_check/cf53ce0b8fea4bb2/20/ ***20***
/sys_perf_check/cf53ce0b8fea4bb2/20/ ***19***
/sys_perf_check/cf53ce0b8fea4bb2/20 ***2***
/sys_perf_check/cf53ce0b8fea4bb2/20 ***4***
/sys_perf_check/cf53ce0b8fea4bb2/20/ ***20***
/sys_perf_check/cf53ce0b8fea4bb2/20/ ***20***
/sys_perf_check/cf53ce0b8fea4bb2/20 ***2***
/sys_perf_check/cf53ce0b8fea4bb2/20 ***2***
/sys_perf_check/cf53ce0b8fea4bb2/20 ***1***
/sys_perf_check/cf53ce0b8fea4bb2/20 ***2***
/sys_perf_check/cf53ce0b8fea4bb2/20/ ***20***
/sys_perf_check/cf53ce0b8fea4bb2/20 ***1***
/sys_perf_check/cf53ce0b8fea4bb2/20/ ***23***
/sys_perf_check/cf53ce0b8fea4bb2/20 ***2***
/sys_perf_check/cf53ce0b8fea4bb2/20/ ***18***
/sys_perf_check/cf53ce0b8fea4bb2/20/ ***26***
/sys_perf_check/cf53ce0b8fea4bb2/20 ***2***
/sys_perf_check/cf53ce0b8fea4bb2/20 ***9***
/sys_perf_check/cf53ce0b8fea4bb2/20/ ***20***
/sys_perf_check/cf53ce0b8fea4bb2/20/ ***19***
/sys_perf_check/cf53ce0b8fea4bb2/20/ ***28***
/sys_perf_check/cf53ce0b8fea4bb2/20/ ***19***
Wed Mar  8 12:53:18 2023 - uwsgi_response_write_headers_do(): Broken pipe [core/writer.c line 248] during GET /sys_perf_check/cf53ce0b8fea4bb2/20 (10.14.15.156)
Wed Mar  8 12:53:18 2023 - uwsgi_response_writev_headers_and_body_do(): Broken pipe [core/writer.c line 306] during GET /sys_perf_check/cf53ce0b8fea4bb2/20/ (10.14.15.156)
/sys_perf_check/cf53ce0b8fea4bb2/20 ***2629***
/sys_perf_check/cf53ce0b8fea4bb2/20/ ***3006***
/sys_perf_check/cf53ce0b8fea4bb2/30 ***3***
/sys_perf_check/cf53ce0b8fea4bb2/30 ***2***
/sys_perf_check/cf53ce0b8fea4bb2/30 ***4***
/sys_perf_check/cf53ce0b8fea4bb2/30 ***4***
/sys_perf_check/cf53ce0b8fea4bb2/30 ***4***
/sys_perf_check/cf53ce0b8fea4bb2/30/ ***20***
/sys_perf_check/cf53ce0b8fea4bb2/30/ ***21***
/sys_perf_check/cf53ce0b8fea4bb2/30/ ***22***
/sys_perf_check/cf53ce0b8fea4bb2/30/ ***23***
/sys_perf_check/cf53ce0b8fea4bb2/30/ ***24***
Wed Mar  8 12:53:18 2023 - uwsgi_response_write_headers_do(): Broken pipe [core/writer.c line 248] during GET /sys_perf_check/cf53ce0b8fea4bb2/20 (10.14.15.156)
/sys_perf_check/cf53ce0b8fea4bb2/20 ***2979***
/sys_perf_check/cf53ce0b8fea4bb2/30 ***2***
/sys_perf_check/cf53ce0b8fea4bb2/30 ***2***
/sys_perf_check/cf53ce0b8fea4bb2/30 ***2***
/sys_perf_check/cf53ce0b8fea4bb2/30 ***2***
/sys_perf_check/cf53ce0b8fea4bb2/30 ***1***
/sys_perf_check/cf53ce0b8fea4bb2/30 ***4***
/sys_perf_check/cf53ce0b8fea4bb2/30 ***2***
/sys_perf_check/cf53ce0b8fea4bb2/30 ***3***
/sys_perf_check/cf53ce0b8fea4bb2/30 ***1***
/sys_perf_check/cf53ce0b8fea4bb2/30 ***4***
/sys_perf_check/cf53ce0b8fea4bb2/30 ***4***
/sys_perf_check/cf53ce0b8fea4bb2/30/ ***17***
/sys_perf_check/cf53ce0b8fea4bb2/30/ ***26***
/sys_perf_check/cf53ce0b8fea4bb2/30/ ***27***
/sys_perf_check/cf53ce0b8fea4bb2/30/ ***24***
/sys_perf_check/cf53ce0b8fea4bb2/30/ ***30***
/sys_perf_check/cf53ce0b8fea4bb2/30/ ***16***
/sys_perf_check/cf53ce0b8fea4bb2/30/ ***17***
/sys_perf_check/cf53ce0b8fea4bb2/30/ ***36***
/sys_perf_check/cf53ce0b8fea4bb2/30/ ***21***
/sys_perf_check/cf53ce0b8fea4bb2/30/ ***18***
/sys_perf_check/cf53ce0b8fea4bb2/30/ ***24***
/sys_perf_check/cf53ce0b8fea4bb2/30 ***2***
/sys_perf_check/cf53ce0b8fea4bb2/30 ***2***
/sys_perf_check/cf53ce0b8fea4bb2/30 ***2***
/sys_perf_check/cf53ce0b8fea4bb2/30 ***2***
/sys_perf_check/cf53ce0b8fea4bb2/30 ***4***
/sys_perf_check/cf53ce0b8fea4bb2/30 ***5***
/sys_perf_check/cf53ce0b8fea4bb2/30/ ***21***
/sys_perf_check/cf53ce0b8fea4bb2/30/ ***20***
/sys_perf_check/cf53ce0b8fea4bb2/30/ ***21***
/sys_perf_check/cf53ce0b8fea4bb2/30/ ***22***
/sys_perf_check/cf53ce0b8fea4bb2/30/ ***24***
/sys_perf_check/cf53ce0b8fea4bb2/30/ ***25***
/sys_perf_check/cf53ce0b8fea4bb2/30 ***2***
/sys_perf_check/cf53ce0b8fea4bb2/30 ***3***
/sys_perf_check/cf53ce0b8fea4bb2/30 ***1***
/sys_perf_check/cf53ce0b8fea4bb2/30 ***1***
/sys_perf_check/cf53ce0b8fea4bb2/30 ***2***
/sys_perf_check/cf53ce0b8fea4bb2/30 ***2***
/sys_perf_check/cf53ce0b8fea4bb2/30 ***6***
/sys_perf_check/cf53ce0b8fea4bb2/30 ***4***
/sys_perf_check/cf53ce0b8fea4bb2/30 ***1***
/sys_perf_check/cf53ce0b8fea4bb2/30 ***4***
/sys_perf_check/cf53ce0b8fea4bb2/30 ***4***
/sys_perf_check/cf53ce0b8fea4bb2/30/ ***23***
/sys_perf_check/cf53ce0b8fea4bb2/30/ ***25***
/sys_perf_check/cf53ce0b8fea4bb2/30/ ***29***
/sys_perf_check/cf53ce0b8fea4bb2/30/ ***27***
/sys_perf_check/cf53ce0b8fea4bb2/30/ ***17***
/sys_perf_check/cf53ce0b8fea4bb2/30/ ***20***
/sys_perf_check/cf53ce0b8fea4bb2/30/ ***21***
/sys_perf_check/cf53ce0b8fea4bb2/30/ ***24***
/sys_perf_check/cf53ce0b8fea4bb2/30/ ***18***
/sys_perf_check/cf53ce0b8fea4bb2/30/ ***20***
/sys_perf_check/cf53ce0b8fea4bb2/30/ ***22***
/sys_perf_check/cf53ce0b8fea4bb2/30 ***2826***
/sys_perf_check/cf53ce0b8fea4bb2/30/ ***20***
/sys_perf_check/cf53ce0b8fea4bb2/30 ***2***
/sys_perf_check/cf53ce0b8fea4bb2/30 ***5***
/sys_perf_check/cf53ce0b8fea4bb2/30 ***5***
/sys_perf_check/cf53ce0b8fea4bb2/30 ***5***
/sys_perf_check/cf53ce0b8fea4bb2/30 ***5***
/sys_perf_check/cf53ce0b8fea4bb2/30 ***3***
/sys_perf_check/cf53ce0b8fea4bb2/30/ ***21***
/sys_perf_check/cf53ce0b8fea4bb2/30/ ***25***
/sys_perf_check/cf53ce0b8fea4bb2/30/ ***21***
/sys_perf_check/cf53ce0b8fea4bb2/30/ ***22***
/sys_perf_check/cf53ce0b8fea4bb2/30 ***2***
/sys_perf_check/cf53ce0b8fea4bb2/30/ ***27***
/sys_perf_check/cf53ce0b8fea4bb2/30 ***1***
/sys_perf_check/cf53ce0b8fea4bb2/30 ***1***
/sys_perf_check/cf53ce0b8fea4bb2/30 ***3***
/sys_perf_check/cf53ce0b8fea4bb2/30 ***3***
/sys_perf_check/cf53ce0b8fea4bb2/30 ***1***
/sys_perf_check/cf53ce0b8fea4bb2/30/ ***21***
/sys_perf_check/cf53ce0b8fea4bb2/30/ ***25***
/sys_perf_check/cf53ce0b8fea4bb2/30/ ***22***
/sys_perf_check/cf53ce0b8fea4bb2/30/ ***24***
/sys_perf_check/cf53ce0b8fea4bb2/30/ ***24***
/sys_perf_check/cf53ce0b8fea4bb2/30/ ***25***
/sys_perf_check/cf53ce0b8fea4bb2/30 ***1***
/sys_perf_check/cf53ce0b8fea4bb2/30 ***2***
/sys_perf_check/cf53ce0b8fea4bb2/30 ***2***
/sys_perf_check/cf53ce0b8fea4bb2/30 ***4***
/sys_perf_check/cf53ce0b8fea4bb2/30 ***3***
/sys_perf_check/cf53ce0b8fea4bb2/30 ***4***
/sys_perf_check/cf53ce0b8fea4bb2/30 ***2***
/sys_perf_check/cf53ce0b8fea4bb2/30 ***3***
/sys_perf_check/cf53ce0b8fea4bb2/30 ***3***
/sys_perf_check/cf53ce0b8fea4bb2/30 ***7***
/sys_perf_check/cf53ce0b8fea4bb2/30/ ***21***
/sys_perf_check/cf53ce0b8fea4bb2/30/ ***21***
/sys_perf_check/cf53ce0b8fea4bb2/30/ ***19***
/sys_perf_check/cf53ce0b8fea4bb2/30/ ***24***
/sys_perf_check/cf53ce0b8fea4bb2/30/ ***30***
/sys_perf_check/cf53ce0b8fea4bb2/30/ ***21***
/sys_perf_check/cf53ce0b8fea4bb2/30/ ***22***
/sys_perf_check/cf53ce0b8fea4bb2/30/ ***23***
/sys_perf_check/cf53ce0b8fea4bb2/30/ ***22***
/sys_perf_check/cf53ce0b8fea4bb2/30/ ***23***
/sys_perf_check/cf53ce0b8fea4bb2/30 ***1***
/sys_perf_check/cf53ce0b8fea4bb2/30/ ***19***
/sys_perf_check/cf53ce0b8fea4bb2/30 ***1***
/sys_perf_check/cf53ce0b8fea4bb2/30 ***2***
/sys_perf_check/cf53ce0b8fea4bb2/30 ***2***
/sys_perf_check/cf53ce0b8fea4bb2/30 ***2***
/sys_perf_check/cf53ce0b8fea4bb2/30 ***3***
/sys_perf_check/cf53ce0b8fea4bb2/30 ***3***
/sys_perf_check/cf53ce0b8fea4bb2/30/ ***18***
/sys_perf_check/cf53ce0b8fea4bb2/30/ ***20***
/sys_perf_check/cf53ce0b8fea4bb2/30/ ***21***
/sys_perf_check/cf53ce0b8fea4bb2/30/ ***21***
/sys_perf_check/cf53ce0b8fea4bb2/30/ ***22***
/sys_perf_check/cf53ce0b8fea4bb2/30/ ***24***
/sys_perf_check/cf53ce0b8fea4bb2/30 ***2***
/sys_perf_check/cf53ce0b8fea4bb2/30 ***1***
/sys_perf_check/cf53ce0b8fea4bb2/30 ***1***
/sys_perf_check/cf53ce0b8fea4bb2/30 ***1***
/sys_perf_check/cf53ce0b8fea4bb2/30/ ***25***
/sys_perf_check/cf53ce0b8fea4bb2/30/ ***21***
/sys_perf_check/cf53ce0b8fea4bb2/30/ ***24***
/sys_perf_check/cf53ce0b8fea4bb2/30 ***3***
/sys_perf_check/cf53ce0b8fea4bb2/30/ ***27***
/sys_perf_check/cf53ce0b8fea4bb2/30 ***2***
/sys_perf_check/cf53ce0b8fea4bb2/30 ***1***
/sys_perf_check/cf53ce0b8fea4bb2/30 ***4***
/sys_perf_check/cf53ce0b8fea4bb2/30 ***2***
/sys_perf_check/cf53ce0b8fea4bb2/30 ***1***
/sys_perf_check/cf53ce0b8fea4bb2/30/ ***21***
/sys_perf_check/cf53ce0b8fea4bb2/30/ ***17***
/sys_perf_check/cf53ce0b8fea4bb2/30/ ***20***
/sys_perf_check/cf53ce0b8fea4bb2/30/ ***19***
/sys_perf_check/cf53ce0b8fea4bb2/30/ ***23***
/sys_perf_check/cf53ce0b8fea4bb2/30/ ***24***
/sys_perf_check/cf53ce0b8fea4bb2/30 ***2***
/sys_perf_check/cf53ce0b8fea4bb2/30 ***2***
/sys_perf_check/cf53ce0b8fea4bb2/30 ***1***
/sys_perf_check/cf53ce0b8fea4bb2/30 ***4***
/sys_perf_check/cf53ce0b8fea4bb2/30 ***1***
/sys_perf_check/cf53ce0b8fea4bb2/30 ***2***
/sys_perf_check/cf53ce0b8fea4bb2/30 ***2***
/sys_perf_check/cf53ce0b8fea4bb2/30 ***2***
/sys_perf_check/cf53ce0b8fea4bb2/30 ***3***
/sys_perf_check/cf53ce0b8fea4bb2/30 ***4***
/sys_perf_check/cf53ce0b8fea4bb2/30/ ***17***
/sys_perf_check/cf53ce0b8fea4bb2/30/ ***25***
/sys_perf_check/cf53ce0b8fea4bb2/30/ ***26***
/sys_perf_check/cf53ce0b8fea4bb2/30/ ***24***
/sys_perf_check/cf53ce0b8fea4bb2/30/ ***24***
/sys_perf_check/cf53ce0b8fea4bb2/30/ ***26***
/sys_perf_check/cf53ce0b8fea4bb2/30/ ***20***
/sys_perf_check/cf53ce0b8fea4bb2/30/ ***21***
/sys_perf_check/cf53ce0b8fea4bb2/30/ ***22***
/sys_perf_check/cf53ce0b8fea4bb2/30/ ***23***
/sys_perf_check/cf53ce0b8fea4bb2/30 ***1***
/sys_perf_check/cf53ce0b8fea4bb2/30/ ***19***
/sys_perf_check/cf53ce0b8fea4bb2/30 ***2***
/sys_perf_check/cf53ce0b8fea4bb2/30 ***1***
/sys_perf_check/cf53ce0b8fea4bb2/30 ***4***
/sys_perf_check/cf53ce0b8fea4bb2/30 ***4***
/sys_perf_check/cf53ce0b8fea4bb2/30 ***3***
/sys_perf_check/cf53ce0b8fea4bb2/30 ***4***
/sys_perf_check/cf53ce0b8fea4bb2/30/ ***17***
/sys_perf_check/cf53ce0b8fea4bb2/30/ ***24***
/sys_perf_check/cf53ce0b8fea4bb2/30/ ***19***
/sys_perf_check/cf53ce0b8fea4bb2/30/ ***24***
/sys_perf_check/cf53ce0b8fea4bb2/30/ ***21***
/sys_perf_check/cf53ce0b8fea4bb2/30/ ***22***
/sys_perf_check/cf53ce0b8fea4bb2/30 ***2***
/sys_perf_check/cf53ce0b8fea4bb2/30 ***1***
/sys_perf_check/cf53ce0b8fea4bb2/30 ***1***
/sys_perf_check/cf53ce0b8fea4bb2/30 ***3***
/sys_perf_check/cf53ce0b8fea4bb2/30/ ***21***
/sys_perf_check/cf53ce0b8fea4bb2/30/ ***19***
/sys_perf_check/cf53ce0b8fea4bb2/30/ ***24***
/sys_perf_check/cf53ce0b8fea4bb2/30/ ***19***
/sys_perf_check/cf53ce0b8fea4bb2/30 ***2***
/sys_perf_check/cf53ce0b8fea4bb2/30 ***1***
/sys_perf_check/cf53ce0b8fea4bb2/30 ***2***
/sys_perf_check/cf53ce0b8fea4bb2/30 ***4***
/sys_perf_check/cf53ce0b8fea4bb2/30 ***3***
/sys_perf_check/cf53ce0b8fea4bb2/30 ***2***
/sys_perf_check/cf53ce0b8fea4bb2/30/ ***19***
/sys_perf_check/cf53ce0b8fea4bb2/30/ ***22***
/sys_perf_check/cf53ce0b8fea4bb2/30/ ***20***
/sys_perf_check/cf53ce0b8fea4bb2/30/ ***20***
/sys_perf_check/cf53ce0b8fea4bb2/30/ ***24***
/sys_perf_check/cf53ce0b8fea4bb2/30/ ***23***
/sys_perf_check/cf53ce0b8fea4bb2/30 ***2***
/sys_perf_check/cf53ce0b8fea4bb2/30 ***3***
/sys_perf_check/cf53ce0b8fea4bb2/30 ***3***
/sys_perf_check/cf53ce0b8fea4bb2/30 ***2***
/sys_perf_check/cf53ce0b8fea4bb2/30 ***2***
/sys_perf_check/cf53ce0b8fea4bb2/30 ***1***
/sys_perf_check/cf53ce0b8fea4bb2/30 ***2***
/sys_perf_check/cf53ce0b8fea4bb2/30 ***6***
/sys_perf_check/cf53ce0b8fea4bb2/30 ***3***
/sys_perf_check/cf53ce0b8fea4bb2/30 ***6***
/sys_perf_check/cf53ce0b8fea4bb2/30/ ***21***
/sys_perf_check/cf53ce0b8fea4bb2/30/ ***19***
/sys_perf_check/cf53ce0b8fea4bb2/30/ ***21***
/sys_perf_check/cf53ce0b8fea4bb2/30/ ***22***
/sys_perf_check/cf53ce0b8fea4bb2/30/ ***27***
/sys_perf_check/cf53ce0b8fea4bb2/30/ ***25***
/sys_perf_check/cf53ce0b8fea4bb2/30/ ***25***
/sys_perf_check/cf53ce0b8fea4bb2/30/ ***22***
/sys_perf_check/cf53ce0b8fea4bb2/30/ ***26***
/sys_perf_check/cf53ce0b8fea4bb2/30/ ***24***
/sys_perf_check/cf53ce0b8fea4bb2/30 ***2***
/sys_perf_check/cf53ce0b8fea4bb2/30/ ***21***
/sys_perf_check/cf53ce0b8fea4bb2/30 ***2***
/sys_perf_check/cf53ce0b8fea4bb2/30 ***2***
/sys_perf_check/cf53ce0b8fea4bb2/30 ***2***
/sys_perf_check/cf53ce0b8fea4bb2/30 ***3***
/sys_perf_check/cf53ce0b8fea4bb2/30 ***2***
/sys_perf_check/cf53ce0b8fea4bb2/30 ***3***
/sys_perf_check/cf53ce0b8fea4bb2/30/ ***19***
/sys_perf_check/cf53ce0b8fea4bb2/30/ ***23***
/sys_perf_check/cf53ce0b8fea4bb2/30 ***1***
/sys_perf_check/cf53ce0b8fea4bb2/30/ ***22***
/sys_perf_check/cf53ce0b8fea4bb2/30/ ***24***
/sys_perf_check/cf53ce0b8fea4bb2/30/ ***23***
/sys_perf_check/cf53ce0b8fea4bb2/30/ ***24***
/sys_perf_check/cf53ce0b8fea4bb2/30 ***1***
/sys_perf_check/cf53ce0b8fea4bb2/30 ***1***
/sys_perf_check/cf53ce0b8fea4bb2/30 ***2***
/sys_perf_check/cf53ce0b8fea4bb2/30/ ***19***
/sys_perf_check/cf53ce0b8fea4bb2/30/ ***19***
/sys_perf_check/cf53ce0b8fea4bb2/30 ***2***
/sys_perf_check/cf53ce0b8fea4bb2/30/ ***21***
/sys_perf_check/cf53ce0b8fea4bb2/30/ ***24***
/sys_perf_check/cf53ce0b8fea4bb2/30 ***1***
/sys_perf_check/cf53ce0b8fea4bb2/30 ***2***
/sys_perf_check/cf53ce0b8fea4bb2/30 ***2***
/sys_perf_check/cf53ce0b8fea4bb2/30 ***3***
/sys_perf_check/cf53ce0b8fea4bb2/30 ***3***
/sys_perf_check/cf53ce0b8fea4bb2/30/ ***19***
/sys_perf_check/cf53ce0b8fea4bb2/30/ ***23***
/sys_perf_check/cf53ce0b8fea4bb2/30/ ***23***
/sys_perf_check/cf53ce0b8fea4bb2/30/ ***19***
/sys_perf_check/cf53ce0b8fea4bb2/30/ ***23***
/sys_perf_check/cf53ce0b8fea4bb2/30/ ***24***
/sys_perf_check/cf53ce0b8fea4bb2/30/ ***3218***
/sys_perf_check/cf53ce0b8fea4bb2/30 ***1***
/sys_perf_check/cf53ce0b8fea4bb2/30 ***1***
/sys_perf_check/cf53ce0b8fea4bb2/30 ***1***
/sys_perf_check/cf53ce0b8fea4bb2/30 ***2***
/sys_perf_check/cf53ce0b8fea4bb2/30 ***3***
/sys_perf_check/cf53ce0b8fea4bb2/30 ***1***
/sys_perf_check/cf53ce0b8fea4bb2/30 ***4***
/sys_perf_check/cf53ce0b8fea4bb2/30 ***4***
/sys_perf_check/cf53ce0b8fea4bb2/30 ***3***
/sys_perf_check/cf53ce0b8fea4bb2/30 ***4***
/sys_perf_check/cf53ce0b8fea4bb2/30/ ***17***
/sys_perf_check/cf53ce0b8fea4bb2/30/ ***20***
/sys_perf_check/cf53ce0b8fea4bb2/30/ ***20***
/sys_perf_check/cf53ce0b8fea4bb2/30/ ***24***
/sys_perf_check/cf53ce0b8fea4bb2/30/ ***21***
/sys_perf_check/cf53ce0b8fea4bb2/30/ ***27***
/sys_perf_check/cf53ce0b8fea4bb2/30/ ***23***
/sys_perf_check/cf53ce0b8fea4bb2/30/ ***19***
/sys_perf_check/cf53ce0b8fea4bb2/30/ ***20***
/sys_perf_check/cf53ce0b8fea4bb2/30/ ***23***
/sys_perf_check/cf53ce0b8fea4bb2/30 ***3210***
/sys_perf_check/cf53ce0b8fea4bb2/30/ ***21***
/sys_perf_check/cf53ce0b8fea4bb2/30 ***2***
/sys_perf_check/cf53ce0b8fea4bb2/30/ ***21***
/sys_perf_check/cf53ce0b8fea4bb2/30 ***2970***
/sys_perf_check/cf53ce0b8fea4bb2/30/ ***19***
/sys_perf_check/cf53ce0b8fea4bb2/30 ***2***
/sys_perf_check/cf53ce0b8fea4bb2/30 ***2***
/sys_perf_check/cf53ce0b8fea4bb2/30 ***2***
/sys_perf_check/cf53ce0b8fea4bb2/30 ***2***
/sys_perf_check/cf53ce0b8fea4bb2/30 ***3***
/sys_perf_check/cf53ce0b8fea4bb2/30 ***7***
/sys_perf_check/cf53ce0b8fea4bb2/30/ ***30***
/sys_perf_check/cf53ce0b8fea4bb2/30 ***1***
/sys_perf_check/cf53ce0b8fea4bb2/30 ***6***
/sys_perf_check/cf53ce0b8fea4bb2/30 ***1***
/sys_perf_check/cf53ce0b8fea4bb2/30 ***2***
/sys_perf_check/cf53ce0b8fea4bb2/30/ ***21***
/sys_perf_check/cf53ce0b8fea4bb2/30/ ***23***
/sys_perf_check/cf53ce0b8fea4bb2/30/ ***24***
/sys_perf_check/cf53ce0b8fea4bb2/30/ ***23***
/sys_perf_check/cf53ce0b8fea4bb2/30/ ***23***
/sys_perf_check/cf53ce0b8fea4bb2/30/ ***20***
/sys_perf_check/cf53ce0b8fea4bb2/30 ***2***
/sys_perf_check/cf53ce0b8fea4bb2/30/ ***22***
/sys_perf_check/cf53ce0b8fea4bb2/30 ***3***
/sys_perf_check/cf53ce0b8fea4bb2/30 ***1***
/sys_perf_check/cf53ce0b8fea4bb2/30 ***2***
/sys_perf_check/cf53ce0b8fea4bb2/30/ ***25***
/sys_perf_check/cf53ce0b8fea4bb2/30/ ***25***
/sys_perf_check/cf53ce0b8fea4bb2/30 ***2***
/sys_perf_check/cf53ce0b8fea4bb2/30 ***3***
/sys_perf_check/cf53ce0b8fea4bb2/30/ ***22***
/sys_perf_check/cf53ce0b8fea4bb2/30/ ***19***
/sys_perf_check/cf53ce0b8fea4bb2/30/ ***23***
/sys_perf_check/cf53ce0b8fea4bb2/30/ ***20***
/sys_perf_check/cf53ce0b8fea4bb2/30/ ***22***
/sys_perf_check/cf53ce0b8fea4bb2/30/ ***23***
/sys_perf_check/cf53ce0b8fea4bb2/30 ***2***
/sys_perf_check/cf53ce0b8fea4bb2/30/ ***19***
/sys_perf_check/cf53ce0b8fea4bb2/30 ***2***
/sys_perf_check/cf53ce0b8fea4bb2/30 ***2***
/sys_perf_check/cf53ce0b8fea4bb2/30 ***2***
/sys_perf_check/cf53ce0b8fea4bb2/30 ***2***
/sys_perf_check/cf53ce0b8fea4bb2/30 ***2***
/sys_perf_check/cf53ce0b8fea4bb2/30 ***5***
/sys_perf_check/cf53ce0b8fea4bb2/30 ***3***
/sys_perf_check/cf53ce0b8fea4bb2/30 ***3***
/sys_perf_check/cf53ce0b8fea4bb2/30 ***3***
/sys_perf_check/cf53ce0b8fea4bb2/30 ***2***
/sys_perf_check/cf53ce0b8fea4bb2/30/ ***21***
/sys_perf_check/cf53ce0b8fea4bb2/30/ ***22***
/sys_perf_check/cf53ce0b8fea4bb2/30/ ***20***
/sys_perf_check/cf53ce0b8fea4bb2/30/ ***23***
/sys_perf_check/cf53ce0b8fea4bb2/30/ ***18***
/sys_perf_check/cf53ce0b8fea4bb2/30/ ***25***
/sys_perf_check/cf53ce0b8fea4bb2/30/ ***29***
/sys_perf_check/cf53ce0b8fea4bb2/30/ ***20***
/sys_perf_check/cf53ce0b8fea4bb2/30/ ***23***
/sys_perf_check/cf53ce0b8fea4bb2/30/ ***24***
/sys_perf_check/cf53ce0b8fea4bb2/30 ***2***
/sys_perf_check/cf53ce0b8fea4bb2/30/ ***21***
/sys_perf_check/cf53ce0b8fea4bb2/30 ***2***
/sys_perf_check/cf53ce0b8fea4bb2/30/ ***21***
/sys_perf_check/cf53ce0b8fea4bb2/30 ***2***
/sys_perf_check/cf53ce0b8fea4bb2/30/ ***21***
/sys_perf_check/cf53ce0b8fea4bb2/30 ***2***
/sys_perf_check/cf53ce0b8fea4bb2/30 ***2***
/sys_perf_check/cf53ce0b8fea4bb2/30 ***2***
/sys_perf_check/cf53ce0b8fea4bb2/30 ***3***
/sys_perf_check/cf53ce0b8fea4bb2/30 ***4***
/sys_perf_check/cf53ce0b8fea4bb2/30 ***5***
/sys_perf_check/cf53ce0b8fea4bb2/30/ ***22***
/sys_perf_check/cf53ce0b8fea4bb2/30 ***2***
/sys_perf_check/cf53ce0b8fea4bb2/30 ***3***
/sys_perf_check/cf53ce0b8fea4bb2/30/ ***20***
/sys_perf_check/cf53ce0b8fea4bb2/30/ ***25***
/sys_perf_check/cf53ce0b8fea4bb2/30/ ***22***
/sys_perf_check/cf53ce0b8fea4bb2/30 ***7***
/sys_perf_check/cf53ce0b8fea4bb2/30/ ***24***
/sys_perf_check/cf53ce0b8fea4bb2/30 ***7***
/sys_perf_check/cf53ce0b8fea4bb2/30/ ***25***
/sys_perf_check/cf53ce0b8fea4bb2/30/ ***19***
/sys_perf_check/cf53ce0b8fea4bb2/30 ***3***
/sys_perf_check/cf53ce0b8fea4bb2/30 ***2***
/sys_perf_check/cf53ce0b8fea4bb2/30 ***1***
/sys_perf_check/cf53ce0b8fea4bb2/30 ***2***
/sys_perf_check/cf53ce0b8fea4bb2/30 ***4***
/sys_perf_check/cf53ce0b8fea4bb2/30 ***1***
/sys_perf_check/cf53ce0b8fea4bb2/30/ ***20***
/sys_perf_check/cf53ce0b8fea4bb2/30/ ***29***
/sys_perf_check/cf53ce0b8fea4bb2/30/ ***23***
/sys_perf_check/cf53ce0b8fea4bb2/30/ ***21***
/sys_perf_check/cf53ce0b8fea4bb2/30/ ***19***
/sys_perf_check/cf53ce0b8fea4bb2/30/ ***20***
/sys_perf_check/cf53ce0b8fea4bb2/30/ ***27***
/sys_perf_check/cf53ce0b8fea4bb2/30 ***2***
/sys_perf_check/cf53ce0b8fea4bb2/30/ ***26***
/sys_perf_check/cf53ce0b8fea4bb2/30/ ***25***
/sys_perf_check/cf53ce0b8fea4bb2/30/ ***19***
/sys_perf_check/cf53ce0b8fea4bb2/30 ***2***
/sys_perf_check/cf53ce0b8fea4bb2/30 ***4***
/sys_perf_check/cf53ce0b8fea4bb2/30 ***3***
/sys_perf_check/cf53ce0b8fea4bb2/30 ***4***
/sys_perf_check/cf53ce0b8fea4bb2/30 ***4***
/sys_perf_check/cf53ce0b8fea4bb2/30 ***4***
/sys_perf_check/cf53ce0b8fea4bb2/30 ***4***
/sys_perf_check/cf53ce0b8fea4bb2/30 ***1***
/sys_perf_check/cf53ce0b8fea4bb2/30 ***3***
/sys_perf_check/cf53ce0b8fea4bb2/30/ ***23***
/sys_perf_check/cf53ce0b8fea4bb2/30/ ***27***
/sys_perf_check/cf53ce0b8fea4bb2/30/ ***25***
/sys_perf_check/cf53ce0b8fea4bb2/30/ ***24***
/sys_perf_check/cf53ce0b8fea4bb2/30/ ***20***
/sys_perf_check/cf53ce0b8fea4bb2/30/ ***27***
/sys_perf_check/cf53ce0b8fea4bb2/30/ ***26***
/sys_perf_check/cf53ce0b8fea4bb2/30 ***38***
/sys_perf_check/cf53ce0b8fea4bb2/30/ ***24***
/sys_perf_check/cf53ce0b8fea4bb2/30/ ***25***
/sys_perf_check/cf53ce0b8fea4bb2/30/ ***18***
/sys_perf_check/cf53ce0b8fea4bb2/30 ***2***
/sys_perf_check/cf53ce0b8fea4bb2/30/ ***21***
/sys_perf_check/cf53ce0b8fea4bb2/30 ***2***
/sys_perf_check/cf53ce0b8fea4bb2/30/ ***21***
/sys_perf_check/cf53ce0b8fea4bb2/30 ***2***
/sys_perf_check/cf53ce0b8fea4bb2/30/ ***20***
/sys_perf_check/cf53ce0b8fea4bb2/30 ***2***
/sys_perf_check/cf53ce0b8fea4bb2/30 ***2***
/sys_perf_check/cf53ce0b8fea4bb2/30 ***2***
/sys_perf_check/cf53ce0b8fea4bb2/30 ***2***
/sys_perf_check/cf53ce0b8fea4bb2/30 ***2***
/sys_perf_check/cf53ce0b8fea4bb2/30 ***2***
/sys_perf_check/cf53ce0b8fea4bb2/30/ ***20***
/sys_perf_check/cf53ce0b8fea4bb2/30/ ***21***
/sys_perf_check/cf53ce0b8fea4bb2/30 ***2***
/sys_perf_check/cf53ce0b8fea4bb2/30 ***4***
/sys_perf_check/cf53ce0b8fea4bb2/30 ***12***
/sys_perf_check/cf53ce0b8fea4bb2/30 ***6***
/sys_perf_check/cf53ce0b8fea4bb2/30/ ***22***
/sys_perf_check/cf53ce0b8fea4bb2/30/ ***25***
/sys_perf_check/cf53ce0b8fea4bb2/30/ ***26***
/sys_perf_check/cf53ce0b8fea4bb2/30/ ***31***
/sys_perf_check/cf53ce0b8fea4bb2/30/ ***18***
/sys_perf_check/cf53ce0b8fea4bb2/30 ***1***
/sys_perf_check/cf53ce0b8fea4bb2/30 ***2***
/sys_perf_check/cf53ce0b8fea4bb2/30 ***3***
/sys_perf_check/cf53ce0b8fea4bb2/30 ***3***
/sys_perf_check/cf53ce0b8fea4bb2/30/ ***20***
/sys_perf_check/cf53ce0b8fea4bb2/30 ***1***
/sys_perf_check/cf53ce0b8fea4bb2/30 ***1***
/sys_perf_check/cf53ce0b8fea4bb2/30/ ***21***
/sys_perf_check/cf53ce0b8fea4bb2/30/ ***31***
/sys_perf_check/cf53ce0b8fea4bb2/30/ ***19***
/sys_perf_check/cf53ce0b8fea4bb2/30/ ***20***
/sys_perf_check/cf53ce0b8fea4bb2/30 ***2***
/sys_perf_check/cf53ce0b8fea4bb2/30/ ***24***
/sys_perf_check/cf53ce0b8fea4bb2/30/ ***21***
/sys_perf_check/cf53ce0b8fea4bb2/30/ ***22***
/sys_perf_check/cf53ce0b8fea4bb2/30/ ***24***
/sys_perf_check/cf53ce0b8fea4bb2/30/ ***19***
/sys_perf_check/cf53ce0b8fea4bb2/30 ***3***
/sys_perf_check/cf53ce0b8fea4bb2/30 ***3***
/sys_perf_check/cf53ce0b8fea4bb2/30 ***4***
/sys_perf_check/cf53ce0b8fea4bb2/30 ***3***
/sys_perf_check/cf53ce0b8fea4bb2/30 ***2***
/sys_perf_check/cf53ce0b8fea4bb2/30 ***2***
/sys_perf_check/cf53ce0b8fea4bb2/30 ***4***
/sys_perf_check/cf53ce0b8fea4bb2/30 ***2***
/sys_perf_check/cf53ce0b8fea4bb2/30 ***11***
/sys_perf_check/cf53ce0b8fea4bb2/30 ***2***
/sys_perf_check/cf53ce0b8fea4bb2/30/ ***21***
/sys_perf_check/cf53ce0b8fea4bb2/30/ ***20***
/sys_perf_check/cf53ce0b8fea4bb2/30/ ***21***
/sys_perf_check/cf53ce0b8fea4bb2/30/ ***24***
/sys_perf_check/cf53ce0b8fea4bb2/30/ ***29***
/sys_perf_check/cf53ce0b8fea4bb2/30/ ***23***
/sys_perf_check/cf53ce0b8fea4bb2/30/ ***27***
/sys_perf_check/cf53ce0b8fea4bb2/30/ ***21***
/sys_perf_check/cf53ce0b8fea4bb2/30/ ***37***
/sys_perf_check/cf53ce0b8fea4bb2/30/ ***17***
/sys_perf_check/cf53ce0b8fea4bb2/30 ***2***
/sys_perf_check/cf53ce0b8fea4bb2/30/ ***20***
/sys_perf_check/cf53ce0b8fea4bb2/30 ***2***
/sys_perf_check/cf53ce0b8fea4bb2/30/ ***21***
/sys_perf_check/cf53ce0b8fea4bb2/30 ***2***
/sys_perf_check/cf53ce0b8fea4bb2/30/ ***20***
/sys_perf_check/cf53ce0b8fea4bb2/30 ***2***
/sys_perf_check/cf53ce0b8fea4bb2/30 ***2***
/sys_perf_check/cf53ce0b8fea4bb2/30 ***2***
/sys_perf_check/cf53ce0b8fea4bb2/30 ***2***
/sys_perf_check/cf53ce0b8fea4bb2/30 ***4***
/sys_perf_check/cf53ce0b8fea4bb2/30/ ***28***
/sys_perf_check/cf53ce0b8fea4bb2/30 ***1***
/sys_perf_check/cf53ce0b8fea4bb2/30 ***4***
/sys_perf_check/cf53ce0b8fea4bb2/30 ***4***
/sys_perf_check/cf53ce0b8fea4bb2/30 ***2***
/sys_perf_check/cf53ce0b8fea4bb2/30 ***2***
/sys_perf_check/cf53ce0b8fea4bb2/30/ ***35***
/sys_perf_check/cf53ce0b8fea4bb2/30/ ***21***
/sys_perf_check/cf53ce0b8fea4bb2/30/ ***26***
/sys_perf_check/cf53ce0b8fea4bb2/30 ***3***
/sys_perf_check/cf53ce0b8fea4bb2/30/ ***21***
/sys_perf_check/cf53ce0b8fea4bb2/30/ ***25***
/sys_perf_check/cf53ce0b8fea4bb2/30 ***1***
/sys_perf_check/cf53ce0b8fea4bb2/30 ***1***
/sys_perf_check/cf53ce0b8fea4bb2/30/ ***19***
/sys_perf_check/cf53ce0b8fea4bb2/30 ***1***
/sys_perf_check/cf53ce0b8fea4bb2/30/ ***26***
/sys_perf_check/cf53ce0b8fea4bb2/30 ***3***
/sys_perf_check/cf53ce0b8fea4bb2/30/ ***23***
/sys_perf_check/cf53ce0b8fea4bb2/30 ***3***
/sys_perf_check/cf53ce0b8fea4bb2/30/ ***33***
/sys_perf_check/cf53ce0b8fea4bb2/30/ ***18***
/sys_perf_check/cf53ce0b8fea4bb2/30 ***2***
/sys_perf_check/cf53ce0b8fea4bb2/30/ ***20***
/sys_perf_check/cf53ce0b8fea4bb2/30/ ***22***
/sys_perf_check/cf53ce0b8fea4bb2/30/ ***23***
/sys_perf_check/cf53ce0b8fea4bb2/30/ ***24***
/sys_perf_check/cf53ce0b8fea4bb2/30/ ***24***
/sys_perf_check/cf53ce0b8fea4bb2/30/ ***20***
/sys_perf_check/cf53ce0b8fea4bb2/30 ***2***
/sys_perf_check/cf53ce0b8fea4bb2/30 ***2***
/sys_perf_check/cf53ce0b8fea4bb2/30 ***2***
/sys_perf_check/cf53ce0b8fea4bb2/30 ***2***
/sys_perf_check/cf53ce0b8fea4bb2/30 ***2***
/sys_perf_check/cf53ce0b8fea4bb2/30 ***2***
/sys_perf_check/cf53ce0b8fea4bb2/30 ***4***
/sys_perf_check/cf53ce0b8fea4bb2/30 ***4***
/sys_perf_check/cf53ce0b8fea4bb2/30 ***2***
/sys_perf_check/cf53ce0b8fea4bb2/30 ***7***
/sys_perf_check/cf53ce0b8fea4bb2/30/ ***23***
/sys_perf_check/cf53ce0b8fea4bb2/30/ ***25***
/sys_perf_check/cf53ce0b8fea4bb2/30/ ***25***
/sys_perf_check/cf53ce0b8fea4bb2/30/ ***21***
/sys_perf_check/cf53ce0b8fea4bb2/30/ ***20***
/sys_perf_check/cf53ce0b8fea4bb2/30/ ***25***
/sys_perf_check/cf53ce0b8fea4bb2/30/ ***24***
/sys_perf_check/cf53ce0b8fea4bb2/30/ ***25***
/sys_perf_check/cf53ce0b8fea4bb2/30/ ***28***
/sys_perf_check/cf53ce0b8fea4bb2/30/ ***19***
/sys_perf_check/cf53ce0b8fea4bb2/30 ***2***
/sys_perf_check/cf53ce0b8fea4bb2/30/ ***20***
/sys_perf_check/cf53ce0b8fea4bb2/30 ***2***
/sys_perf_check/cf53ce0b8fea4bb2/30/ ***21***
/sys_perf_check/cf53ce0b8fea4bb2/30 ***2***
/sys_perf_check/cf53ce0b8fea4bb2/30/ ***21***
/sys_perf_check/cf53ce0b8fea4bb2/30 ***2***
/sys_perf_check/cf53ce0b8fea4bb2/30 ***2***
/sys_perf_check/cf53ce0b8fea4bb2/30 ***2***
/sys_perf_check/cf53ce0b8fea4bb2/30 ***2***
/sys_perf_check/cf53ce0b8fea4bb2/30 ***2***
/sys_perf_check/cf53ce0b8fea4bb2/30 ***3***
/sys_perf_check/cf53ce0b8fea4bb2/30/ ***22***
/sys_perf_check/cf53ce0b8fea4bb2/30 ***1***
/sys_perf_check/cf53ce0b8fea4bb2/30 ***2***
/sys_perf_check/cf53ce0b8fea4bb2/30 ***2***
/sys_perf_check/cf53ce0b8fea4bb2/30 ***7***
/sys_perf_check/cf53ce0b8fea4bb2/30 ***2***
/sys_perf_check/cf53ce0b8fea4bb2/30/ ***31***
/sys_perf_check/cf53ce0b8fea4bb2/30 ***2***
/sys_perf_check/cf53ce0b8fea4bb2/30/ ***23***
/sys_perf_check/cf53ce0b8fea4bb2/30 ***4***
/sys_perf_check/cf53ce0b8fea4bb2/30/ ***24***
/sys_perf_check/cf53ce0b8fea4bb2/30 ***3***
/sys_perf_check/cf53ce0b8fea4bb2/30/ ***23***
/sys_perf_check/cf53ce0b8fea4bb2/30/ ***26***
/sys_perf_check/cf53ce0b8fea4bb2/30 ***3***
/sys_perf_check/cf53ce0b8fea4bb2/30/ ***28***
/sys_perf_check/cf53ce0b8fea4bb2/30/ ***28***
/sys_perf_check/cf53ce0b8fea4bb2/30 ***10***
/sys_perf_check/cf53ce0b8fea4bb2/30/ ***18***
/sys_perf_check/cf53ce0b8fea4bb2/30/ ***30***
/sys_perf_check/cf53ce0b8fea4bb2/30 ***2***
/sys_perf_check/cf53ce0b8fea4bb2/30/ ***18***
/sys_perf_check/cf53ce0b8fea4bb2/30/ ***36***
/sys_perf_check/cf53ce0b8fea4bb2/30/ ***20***
/sys_perf_check/cf53ce0b8fea4bb2/30/ ***19***
/sys_perf_check/cf53ce0b8fea4bb2/30/ ***25***
/sys_perf_check/cf53ce0b8fea4bb2/30/ ***22***
/sys_perf_check/cf53ce0b8fea4bb2/30/ ***19***
/sys_perf_check/cf53ce0b8fea4bb2/30 ***2***
/sys_perf_check/cf53ce0b8fea4bb2/30 ***2***
/sys_perf_check/cf53ce0b8fea4bb2/30 ***2***
/sys_perf_check/cf53ce0b8fea4bb2/30 ***3***
/sys_perf_check/cf53ce0b8fea4bb2/30 ***4***
/sys_perf_check/cf53ce0b8fea4bb2/30 ***5***
/sys_perf_check/cf53ce0b8fea4bb2/30 ***2***
/sys_perf_check/cf53ce0b8fea4bb2/30 ***7***
/sys_perf_check/cf53ce0b8fea4bb2/30 ***12***
/sys_perf_check/cf53ce0b8fea4bb2/30 ***11***
/sys_perf_check/cf53ce0b8fea4bb2/30/ ***23***
/sys_perf_check/cf53ce0b8fea4bb2/30/ ***18***
/sys_perf_check/cf53ce0b8fea4bb2/30/ ***29***
/sys_perf_check/cf53ce0b8fea4bb2/30/ ***25***
/sys_perf_check/cf53ce0b8fea4bb2/30/ ***30***
/sys_perf_check/cf53ce0b8fea4bb2/30/ ***30***
/sys_perf_check/cf53ce0b8fea4bb2/30/ ***20***
/sys_perf_check/cf53ce0b8fea4bb2/30/ ***18***
/sys_perf_check/cf53ce0b8fea4bb2/30/ ***27***
/sys_perf_check/cf53ce0b8fea4bb2/30/ ***28***
/sys_perf_check/cf53ce0b8fea4bb2/30 ***2***
/sys_perf_check/cf53ce0b8fea4bb2/30/ ***20***
/sys_perf_check/cf53ce0b8fea4bb2/30 ***2***
/sys_perf_check/cf53ce0b8fea4bb2/30/ ***22***
/sys_perf_check/cf53ce0b8fea4bb2/30 ***2***
/sys_perf_check/cf53ce0b8fea4bb2/30/ ***20***
/sys_perf_check/cf53ce0b8fea4bb2/30 ***2***
/sys_perf_check/cf53ce0b8fea4bb2/30 ***2***
/sys_perf_check/cf53ce0b8fea4bb2/30 ***2***
/sys_perf_check/cf53ce0b8fea4bb2/30 ***1***
/sys_perf_check/cf53ce0b8fea4bb2/30 ***2***
/sys_perf_check/cf53ce0b8fea4bb2/30/ ***24***
/sys_perf_check/cf53ce0b8fea4bb2/30 ***2***
/sys_perf_check/cf53ce0b8fea4bb2/30 ***1***
/sys_perf_check/cf53ce0b8fea4bb2/30 ***12***
/sys_perf_check/cf53ce0b8fea4bb2/30 ***6***
/sys_perf_check/cf53ce0b8fea4bb2/30 ***7***
/sys_perf_check/cf53ce0b8fea4bb2/30 ***2***
/sys_perf_check/cf53ce0b8fea4bb2/30 ***5***
/sys_perf_check/cf53ce0b8fea4bb2/30 ***2***
/sys_perf_check/cf53ce0b8fea4bb2/30 ***8***
/sys_perf_check/cf53ce0b8fea4bb2/30 ***2***
/sys_perf_check/cf53ce0b8fea4bb2/30/ ***22***
/sys_perf_check/cf53ce0b8fea4bb2/30/ ***20***
/sys_perf_check/cf53ce0b8fea4bb2/30/ ***34***
/sys_perf_check/cf53ce0b8fea4bb2/30/ ***29***
/sys_perf_check/cf53ce0b8fea4bb2/30/ ***31***
/sys_perf_check/cf53ce0b8fea4bb2/30/ ***20***
/sys_perf_check/cf53ce0b8fea4bb2/30/ ***18***
/sys_perf_check/cf53ce0b8fea4bb2/30/ ***36***
/sys_perf_check/cf53ce0b8fea4bb2/30/ ***27***
/sys_perf_check/cf53ce0b8fea4bb2/30 ***1***
/sys_perf_check/cf53ce0b8fea4bb2/30/ ***18***
/sys_perf_check/cf53ce0b8fea4bb2/30/ ***19***
/sys_perf_check/cf53ce0b8fea4bb2/30/ ***22***
/sys_perf_check/cf53ce0b8fea4bb2/30/ ***22***
/sys_perf_check/cf53ce0b8fea4bb2/30/ ***18***
/sys_perf_check/cf53ce0b8fea4bb2/30 ***1***
/sys_perf_check/cf53ce0b8fea4bb2/30 ***2***
/sys_perf_check/cf53ce0b8fea4bb2/30 ***2***
/sys_perf_check/cf53ce0b8fea4bb2/30 ***1***
/sys_perf_check/cf53ce0b8fea4bb2/30 ***3***
/sys_perf_check/cf53ce0b8fea4bb2/30 ***4***
/sys_perf_check/cf53ce0b8fea4bb2/30 ***1***
/sys_perf_check/cf53ce0b8fea4bb2/30 ***2***
/sys_perf_check/cf53ce0b8fea4bb2/30 ***7***
/sys_perf_check/cf53ce0b8fea4bb2/30 ***7***
/sys_perf_check/cf53ce0b8fea4bb2/30/ ***23***
/sys_perf_check/cf53ce0b8fea4bb2/30/ ***20***
/sys_perf_check/cf53ce0b8fea4bb2/30/ ***18***
/sys_perf_check/cf53ce0b8fea4bb2/30/ ***23***
/sys_perf_check/cf53ce0b8fea4bb2/30/ ***21***
/sys_perf_check/cf53ce0b8fea4bb2/30/ ***23***
/sys_perf_check/cf53ce0b8fea4bb2/30/ ***25***
/sys_perf_check/cf53ce0b8fea4bb2/30/ ***20***
/sys_perf_check/cf53ce0b8fea4bb2/30/ ***29***
/sys_perf_check/cf53ce0b8fea4bb2/30/ ***23***
/sys_perf_check/cf53ce0b8fea4bb2/30 ***1***
/sys_perf_check/cf53ce0b8fea4bb2/30/ ***19***
/sys_perf_check/cf53ce0b8fea4bb2/30 ***1***
/sys_perf_check/cf53ce0b8fea4bb2/30/ ***19***
/sys_perf_check/cf53ce0b8fea4bb2/30 ***2***
/sys_perf_check/cf53ce0b8fea4bb2/30/ ***21***
/sys_perf_check/cf53ce0b8fea4bb2/30 ***2***
/sys_perf_check/cf53ce0b8fea4bb2/30/ ***19***
/sys_perf_check/cf53ce0b8fea4bb2/30 ***1***
/sys_perf_check/cf53ce0b8fea4bb2/30 ***1***
/sys_perf_check/cf53ce0b8fea4bb2/30 ***3***
/sys_perf_check/cf53ce0b8fea4bb2/30 ***1***
/sys_perf_check/cf53ce0b8fea4bb2/30 ***2***
/sys_perf_check/cf53ce0b8fea4bb2/30 ***2***
/sys_perf_check/cf53ce0b8fea4bb2/30 ***4***
/sys_perf_check/cf53ce0b8fea4bb2/30 ***3***
/sys_perf_check/cf53ce0b8fea4bb2/30 ***2***
/sys_perf_check/cf53ce0b8fea4bb2/30 ***8***
/sys_perf_check/cf53ce0b8fea4bb2/30 ***7***
/sys_perf_check/cf53ce0b8fea4bb2/30 ***6***
/sys_perf_check/cf53ce0b8fea4bb2/30 ***6***
/sys_perf_check/cf53ce0b8fea4bb2/30/ ***22***
/sys_perf_check/cf53ce0b8fea4bb2/30/ ***19***
/sys_perf_check/cf53ce0b8fea4bb2/30/ ***25***
/sys_perf_check/cf53ce0b8fea4bb2/30/ ***31***
/sys_perf_check/cf53ce0b8fea4bb2/30 ***2***
/sys_perf_check/cf53ce0b8fea4bb2/30/ ***18***
/sys_perf_check/cf53ce0b8fea4bb2/30/ ***20***
/sys_perf_check/cf53ce0b8fea4bb2/30/ ***17***
/sys_perf_check/cf53ce0b8fea4bb2/30/ ***21***
/sys_perf_check/cf53ce0b8fea4bb2/30/ ***21***
/sys_perf_check/cf53ce0b8fea4bb2/30/ ***22***
/sys_perf_check/cf53ce0b8fea4bb2/30/ ***24***
/sys_perf_check/cf53ce0b8fea4bb2/30/ ***18***
/sys_perf_check/cf53ce0b8fea4bb2/30/ ***21***
/sys_perf_check/cf53ce0b8fea4bb2/30/ ***17***
/sys_perf_check/cf53ce0b8fea4bb2/30 ***2***
/sys_perf_check/cf53ce0b8fea4bb2/30 ***3***
/sys_perf_check/cf53ce0b8fea4bb2/30 ***2***
/sys_perf_check/cf53ce0b8fea4bb2/30 ***2***
/sys_perf_check/cf53ce0b8fea4bb2/30 ***2***
/sys_perf_check/cf53ce0b8fea4bb2/30 ***2***
/sys_perf_check/cf53ce0b8fea4bb2/30 ***3***
/sys_perf_check/cf53ce0b8fea4bb2/30 ***4***
/sys_perf_check/cf53ce0b8fea4bb2/30 ***3***
/sys_perf_check/cf53ce0b8fea4bb2/30 ***4***
/sys_perf_check/cf53ce0b8fea4bb2/30/ ***21***
/sys_perf_check/cf53ce0b8fea4bb2/30/ ***24***
/sys_perf_check/cf53ce0b8fea4bb2/30/ ***21***
/sys_perf_check/cf53ce0b8fea4bb2/30/ ***20***
/sys_perf_check/cf53ce0b8fea4bb2/30/ ***25***
/sys_perf_check/cf53ce0b8fea4bb2/30/ ***20***
/sys_perf_check/cf53ce0b8fea4bb2/30/ ***22***
/sys_perf_check/cf53ce0b8fea4bb2/30/ ***24***
/sys_perf_check/cf53ce0b8fea4bb2/30/ ***25***
/sys_perf_check/cf53ce0b8fea4bb2/30/ ***24***
/sys_perf_check/cf53ce0b8fea4bb2/30 ***1***
/sys_perf_check/cf53ce0b8fea4bb2/30/ ***18***
/sys_perf_check/cf53ce0b8fea4bb2/30 ***2***
/sys_perf_check/cf53ce0b8fea4bb2/30/ ***21***
/sys_perf_check/cf53ce0b8fea4bb2/30 ***1***
/sys_perf_check/cf53ce0b8fea4bb2/30/ ***19***
/sys_perf_check/cf53ce0b8fea4bb2/30 ***2***
/sys_perf_check/cf53ce0b8fea4bb2/30/ ***20***
/sys_perf_check/cf53ce0b8fea4bb2/30 ***2***
/sys_perf_check/cf53ce0b8fea4bb2/30 ***3***
/sys_perf_check/cf53ce0b8fea4bb2/30 ***3***
/sys_perf_check/cf53ce0b8fea4bb2/30 ***2***
/sys_perf_check/cf53ce0b8fea4bb2/30 ***2***
/sys_perf_check/cf53ce0b8fea4bb2/30 ***2***
/sys_perf_check/cf53ce0b8fea4bb2/30 ***1***
/sys_perf_check/cf53ce0b8fea4bb2/30 ***4***
/sys_perf_check/cf53ce0b8fea4bb2/30 ***2***
/sys_perf_check/cf53ce0b8fea4bb2/30 ***7***
/sys_perf_check/cf53ce0b8fea4bb2/30 ***6***
/sys_perf_check/cf53ce0b8fea4bb2/30 ***11***
/sys_perf_check/cf53ce0b8fea4bb2/30 ***11***
/sys_perf_check/cf53ce0b8fea4bb2/30/ ***22***
/sys_perf_check/cf53ce0b8fea4bb2/30 ***11***
/sys_perf_check/cf53ce0b8fea4bb2/30/ ***19***
/sys_perf_check/cf53ce0b8fea4bb2/30/ ***27***
/sys_perf_check/cf53ce0b8fea4bb2/30/ ***28***
/sys_perf_check/cf53ce0b8fea4bb2/30/ ***28***
/sys_perf_check/cf53ce0b8fea4bb2/30/ ***23***
/sys_perf_check/cf53ce0b8fea4bb2/30/ ***18***
/sys_perf_check/cf53ce0b8fea4bb2/30/ ***24***
/sys_perf_check/cf53ce0b8fea4bb2/30/ ***24***
/sys_perf_check/cf53ce0b8fea4bb2/30/ ***31***
/sys_perf_check/cf53ce0b8fea4bb2/30/ ***24***
/sys_perf_check/cf53ce0b8fea4bb2/30/ ***17***
/sys_perf_check/cf53ce0b8fea4bb2/30/ ***22***
/sys_perf_check/cf53ce0b8fea4bb2/30/ ***17***
/sys_perf_check/cf53ce0b8fea4bb2/30 ***1***
/sys_perf_check/cf53ce0b8fea4bb2/30 ***1***
/sys_perf_check/cf53ce0b8fea4bb2/30 ***2***
/sys_perf_check/cf53ce0b8fea4bb2/30 ***2***
/sys_perf_check/cf53ce0b8fea4bb2/30 ***2***
/sys_perf_check/cf53ce0b8fea4bb2/30 ***3***
/sys_perf_check/cf53ce0b8fea4bb2/30 ***3***
/sys_perf_check/cf53ce0b8fea4bb2/30 ***2***
/sys_perf_check/cf53ce0b8fea4bb2/30 ***2***
/sys_perf_check/cf53ce0b8fea4bb2/30 ***3***
/sys_perf_check/cf53ce0b8fea4bb2/30 ***2***
/sys_perf_check/cf53ce0b8fea4bb2/30/ ***22***
/sys_perf_check/cf53ce0b8fea4bb2/30/ ***20***
/sys_perf_check/cf53ce0b8fea4bb2/30/ ***24***
/sys_perf_check/cf53ce0b8fea4bb2/30/ ***19***
/sys_perf_check/cf53ce0b8fea4bb2/30/ ***20***
/sys_perf_check/cf53ce0b8fea4bb2/30/ ***21***
/sys_perf_check/cf53ce0b8fea4bb2/30/ ***27***
/sys_perf_check/cf53ce0b8fea4bb2/30/ ***25***
/sys_perf_check/cf53ce0b8fea4bb2/30/ ***34***
/sys_perf_check/cf53ce0b8fea4bb2/30/ ***18***
/sys_perf_check/cf53ce0b8fea4bb2/30 ***1***
/sys_perf_check/cf53ce0b8fea4bb2/30/ ***21***
/sys_perf_check/cf53ce0b8fea4bb2/30 ***2***
/sys_perf_check/cf53ce0b8fea4bb2/30/ ***19***
/sys_perf_check/cf53ce0b8fea4bb2/30/ ***2992***
/sys_perf_check/cf53ce0b8fea4bb2/30 ***3006***
/sys_perf_check/cf53ce0b8fea4bb2/30/ ***791***
/sys_perf_check/cf53ce0b8fea4bb2/30/ ***21***
/sys_perf_check/cf53ce0b8fea4bb2/30 ***2***
/sys_perf_check/cf53ce0b8fea4bb2/30/ ***20***
/sys_perf_check/cf53ce0b8fea4bb2/30 ***2***
/sys_perf_check/cf53ce0b8fea4bb2/30 ***2***
/sys_perf_check/cf53ce0b8fea4bb2/30 ***2***
/sys_perf_check/cf53ce0b8fea4bb2/30 ***3***
/sys_perf_check/cf53ce0b8fea4bb2/30 ***7***
/sys_perf_check/cf53ce0b8fea4bb2/30 ***4***
/sys_perf_check/cf53ce0b8fea4bb2/30 ***2***
/sys_perf_check/cf53ce0b8fea4bb2/30 ***2***
/sys_perf_check/cf53ce0b8fea4bb2/30 ***4***
/sys_perf_check/cf53ce0b8fea4bb2/30 ***4***
/sys_perf_check/cf53ce0b8fea4bb2/30 ***4***
/sys_perf_check/cf53ce0b8fea4bb2/30 ***3***
/sys_perf_check/cf53ce0b8fea4bb2/30 ***4***
/sys_perf_check/cf53ce0b8fea4bb2/30 ***5***
/sys_perf_check/cf53ce0b8fea4bb2/30/ ***31***
/sys_perf_check/cf53ce0b8fea4bb2/30/ ***19***
/sys_perf_check/cf53ce0b8fea4bb2/30/ ***18***
/sys_perf_check/cf53ce0b8fea4bb2/30/ ***26***
/sys_perf_check/cf53ce0b8fea4bb2/30/ ***20***
/sys_perf_check/cf53ce0b8fea4bb2/30/ ***22***
/sys_perf_check/cf53ce0b8fea4bb2/30/ ***21***
/sys_perf_check/cf53ce0b8fea4bb2/30/ ***20***
/sys_perf_check/cf53ce0b8fea4bb2/30/ ***22***
/sys_perf_check/cf53ce0b8fea4bb2/30/ ***23***
/sys_perf_check/cf53ce0b8fea4bb2/30/ ***23***
/sys_perf_check/cf53ce0b8fea4bb2/30/ ***25***
/sys_perf_check/cf53ce0b8fea4bb2/30/ ***25***
/sys_perf_check/cf53ce0b8fea4bb2/30/ ***24***
/sys_perf_check/cf53ce0b8fea4bb2/30 ***2***
/sys_perf_check/cf53ce0b8fea4bb2/30 ***2***
/sys_perf_check/cf53ce0b8fea4bb2/30 ***3***
/sys_perf_check/cf53ce0b8fea4bb2/30 ***2***
/sys_perf_check/cf53ce0b8fea4bb2/30 ***3***
/sys_perf_check/cf53ce0b8fea4bb2/30 ***3***
/sys_perf_check/cf53ce0b8fea4bb2/30 ***4***
/sys_perf_check/cf53ce0b8fea4bb2/30 ***2***
/sys_perf_check/cf53ce0b8fea4bb2/30 ***3***
/sys_perf_check/cf53ce0b8fea4bb2/30 ***6***
/sys_perf_check/cf53ce0b8fea4bb2/30/ ***25***
/sys_perf_check/cf53ce0b8fea4bb2/30/ ***23***
/sys_perf_check/cf53ce0b8fea4bb2/30/ ***25***
/sys_perf_check/cf53ce0b8fea4bb2/30/ ***22***
/sys_perf_check/cf53ce0b8fea4bb2/30/ ***21***
/sys_perf_check/cf53ce0b8fea4bb2/30/ ***25***
/sys_perf_check/cf53ce0b8fea4bb2/30/ ***25***
/sys_perf_check/cf53ce0b8fea4bb2/30/ ***29***
/sys_perf_check/cf53ce0b8fea4bb2/30/ ***18***
/sys_perf_check/cf53ce0b8fea4bb2/30/ ***19***
/sys_perf_check/cf53ce0b8fea4bb2/30 ***2***
/sys_perf_check/cf53ce0b8fea4bb2/30/ ***21***
/sys_perf_check/cf53ce0b8fea4bb2/30 ***2***
/sys_perf_check/cf53ce0b8fea4bb2/30 ***2***
/sys_perf_check/cf53ce0b8fea4bb2/30/ ***21***
/sys_perf_check/cf53ce0b8fea4bb2/30 ***2***
/sys_perf_check/cf53ce0b8fea4bb2/30/ ***23***
/sys_perf_check/cf53ce0b8fea4bb2/30/ ***21***
/sys_perf_check/cf53ce0b8fea4bb2/30 ***2***
/sys_perf_check/cf53ce0b8fea4bb2/30/ ***20***
/sys_perf_check/cf53ce0b8fea4bb2/30 ***2***
/sys_perf_check/cf53ce0b8fea4bb2/30/ ***21***
/sys_perf_check/cf53ce0b8fea4bb2/30 ***2***
/sys_perf_check/cf53ce0b8fea4bb2/30 ***2***
/sys_perf_check/cf53ce0b8fea4bb2/30 ***4***
/sys_perf_check/cf53ce0b8fea4bb2/30 ***2***
/sys_perf_check/cf53ce0b8fea4bb2/30 ***2***
/sys_perf_check/cf53ce0b8fea4bb2/30 ***4***
/sys_perf_check/cf53ce0b8fea4bb2/30 ***2***
/sys_perf_check/cf53ce0b8fea4bb2/30 ***1***
/sys_perf_check/cf53ce0b8fea4bb2/30 ***2***
/sys_perf_check/cf53ce0b8fea4bb2/30 ***5***
/sys_perf_check/cf53ce0b8fea4bb2/30 ***7***
/sys_perf_check/cf53ce0b8fea4bb2/30 ***5***
/sys_perf_check/cf53ce0b8fea4bb2/30/ ***22***
/sys_perf_check/cf53ce0b8fea4bb2/30 ***9***
/sys_perf_check/cf53ce0b8fea4bb2/30 ***9***
/sys_perf_check/cf53ce0b8fea4bb2/30/ ***19***
/sys_perf_check/cf53ce0b8fea4bb2/30/ ***22***
/sys_perf_check/cf53ce0b8fea4bb2/30/ ***29***
/sys_perf_check/cf53ce0b8fea4bb2/30/ ***28***
/sys_perf_check/cf53ce0b8fea4bb2/30/ ***19***
/sys_perf_check/cf53ce0b8fea4bb2/30/ ***22***
/sys_perf_check/cf53ce0b8fea4bb2/30/ ***24***
/sys_perf_check/cf53ce0b8fea4bb2/30/ ***23***
/sys_perf_check/cf53ce0b8fea4bb2/30/ ***31***
/sys_perf_check/cf53ce0b8fea4bb2/30/ ***23***
/sys_perf_check/cf53ce0b8fea4bb2/30/ ***25***
/sys_perf_check/cf53ce0b8fea4bb2/30/ ***25***
/sys_perf_check/cf53ce0b8fea4bb2/30/ ***25***
/sys_perf_check/cf53ce0b8fea4bb2/30 ***2***
/sys_perf_check/cf53ce0b8fea4bb2/30 ***3***
/sys_perf_check/cf53ce0b8fea4bb2/30 ***2***
/sys_perf_check/cf53ce0b8fea4bb2/30 ***5***
/sys_perf_check/cf53ce0b8fea4bb2/30 ***2***
/sys_perf_check/cf53ce0b8fea4bb2/30 ***2***
/sys_perf_check/cf53ce0b8fea4bb2/30 ***8***
/sys_perf_check/cf53ce0b8fea4bb2/30 ***2***
/sys_perf_check/cf53ce0b8fea4bb2/30 ***7***
/sys_perf_check/cf53ce0b8fea4bb2/30 ***8***
/sys_perf_check/cf53ce0b8fea4bb2/30/ ***22***
/sys_perf_check/cf53ce0b8fea4bb2/30/ ***21***
/sys_perf_check/cf53ce0b8fea4bb2/30/ ***22***
/sys_perf_check/cf53ce0b8fea4bb2/30/ ***24***
/sys_perf_check/cf53ce0b8fea4bb2/30/ ***25***
/sys_perf_check/cf53ce0b8fea4bb2/30/ ***30***
/sys_perf_check/cf53ce0b8fea4bb2/30/ ***26***
/sys_perf_check/cf53ce0b8fea4bb2/30/ ***24***
/sys_perf_check/cf53ce0b8fea4bb2/30/ ***23***
/sys_perf_check/cf53ce0b8fea4bb2/30/ ***19***
/sys_perf_check/cf53ce0b8fea4bb2/30 ***2***
/sys_perf_check/cf53ce0b8fea4bb2/30/ ***21***
/sys_perf_check/cf53ce0b8fea4bb2/30 ***2***
/sys_perf_check/cf53ce0b8fea4bb2/30 ***2***
/sys_perf_check/cf53ce0b8fea4bb2/30/ ***20***
/sys_perf_check/cf53ce0b8fea4bb2/30 ***2***
/sys_perf_check/cf53ce0b8fea4bb2/30/ ***23***
/sys_perf_check/cf53ce0b8fea4bb2/30/ ***20***
/sys_perf_check/cf53ce0b8fea4bb2/30 ***2***
/sys_perf_check/cf53ce0b8fea4bb2/30/ ***20***
/sys_perf_check/cf53ce0b8fea4bb2/30 ***1***
/sys_perf_check/cf53ce0b8fea4bb2/30/ ***20***
/sys_perf_check/cf53ce0b8fea4bb2/30 ***2***
/sys_perf_check/cf53ce0b8fea4bb2/30 ***2***
/sys_perf_check/cf53ce0b8fea4bb2/30 ***2***
/sys_perf_check/cf53ce0b8fea4bb2/30 ***2***
/sys_perf_check/cf53ce0b8fea4bb2/30 ***2***
/sys_perf_check/cf53ce0b8fea4bb2/30 ***2***
/sys_perf_check/cf53ce0b8fea4bb2/30 ***2***
/sys_perf_check/cf53ce0b8fea4bb2/30 ***12***
/sys_perf_check/cf53ce0b8fea4bb2/30 ***2***
/sys_perf_check/cf53ce0b8fea4bb2/30 ***2***
/sys_perf_check/cf53ce0b8fea4bb2/30 ***1***
/sys_perf_check/cf53ce0b8fea4bb2/30 ***3***
/sys_perf_check/cf53ce0b8fea4bb2/30 ***4***
/sys_perf_check/cf53ce0b8fea4bb2/30 ***5***
/sys_perf_check/cf53ce0b8fea4bb2/30/ ***32***
/sys_perf_check/cf53ce0b8fea4bb2/30/ ***21***
/sys_perf_check/cf53ce0b8fea4bb2/30/ ***21***
/sys_perf_check/cf53ce0b8fea4bb2/30/ ***23***
/sys_perf_check/cf53ce0b8fea4bb2/30/ ***20***
/sys_perf_check/cf53ce0b8fea4bb2/30/ ***19***
/sys_perf_check/cf53ce0b8fea4bb2/30/ ***22***
/sys_perf_check/cf53ce0b8fea4bb2/30/ ***24***
/sys_perf_check/cf53ce0b8fea4bb2/30/ ***21***
/sys_perf_check/cf53ce0b8fea4bb2/30/ ***25***
/sys_perf_check/cf53ce0b8fea4bb2/30/ ***25***
/sys_perf_check/cf53ce0b8fea4bb2/30/ ***28***
/sys_perf_check/cf53ce0b8fea4bb2/30/ ***23***
/sys_perf_check/cf53ce0b8fea4bb2/30/ ***25***
/sys_perf_check/cf53ce0b8fea4bb2/30 ***2***
/sys_perf_check/cf53ce0b8fea4bb2/30 ***2***
/sys_perf_check/cf53ce0b8fea4bb2/30 ***2***
/sys_perf_check/cf53ce0b8fea4bb2/30 ***2***
/sys_perf_check/cf53ce0b8fea4bb2/30 ***2***
/sys_perf_check/cf53ce0b8fea4bb2/30 ***4***
/sys_perf_check/cf53ce0b8fea4bb2/30 ***2***
/sys_perf_check/cf53ce0b8fea4bb2/30 ***4***
/sys_perf_check/cf53ce0b8fea4bb2/30 ***4***
/sys_perf_check/cf53ce0b8fea4bb2/30 ***12***
/sys_perf_check/cf53ce0b8fea4bb2/30/ ***23***
/sys_perf_check/cf53ce0b8fea4bb2/30/ ***30***
/sys_perf_check/cf53ce0b8fea4bb2/30/ ***24***
/sys_perf_check/cf53ce0b8fea4bb2/30/ ***23***
/sys_perf_check/cf53ce0b8fea4bb2/30/ ***25***
/sys_perf_check/cf53ce0b8fea4bb2/30/ ***19***
/sys_perf_check/cf53ce0b8fea4bb2/30/ ***23***
/sys_perf_check/cf53ce0b8fea4bb2/30/ ***20***
/sys_perf_check/cf53ce0b8fea4bb2/30/ ***26***
/sys_perf_check/cf53ce0b8fea4bb2/30/ ***26***
/sys_perf_check/cf53ce0b8fea4bb2/30 ***2***
/sys_perf_check/cf53ce0b8fea4bb2/30/ ***20***
/sys_perf_check/cf53ce0b8fea4bb2/30 ***2***
/sys_perf_check/cf53ce0b8fea4bb2/30 ***2***
/sys_perf_check/cf53ce0b8fea4bb2/30 ***1***
/sys_perf_check/cf53ce0b8fea4bb2/30/ ***28***
/sys_perf_check/cf53ce0b8fea4bb2/30/ ***22***
/sys_perf_check/cf53ce0b8fea4bb2/30/ ***20***
/sys_perf_check/cf53ce0b8fea4bb2/30 ***2***
/sys_perf_check/cf53ce0b8fea4bb2/30/ ***21***
/sys_perf_check/cf53ce0b8fea4bb2/30 ***2***
/sys_perf_check/cf53ce0b8fea4bb2/30/ ***20***
/sys_perf_check/cf53ce0b8fea4bb2/30 ***2***
/sys_perf_check/cf53ce0b8fea4bb2/30 ***2***
/sys_perf_check/cf53ce0b8fea4bb2/30 ***2***
/sys_perf_check/cf53ce0b8fea4bb2/30 ***1***
/sys_perf_check/cf53ce0b8fea4bb2/30 ***2***
/sys_perf_check/cf53ce0b8fea4bb2/30 ***1***
/sys_perf_check/cf53ce0b8fea4bb2/30 ***2***
/sys_perf_check/cf53ce0b8fea4bb2/30 ***1***
/sys_perf_check/cf53ce0b8fea4bb2/30 ***2***
/sys_perf_check/cf53ce0b8fea4bb2/30 ***2***
/sys_perf_check/cf53ce0b8fea4bb2/30 ***7***
/sys_perf_check/cf53ce0b8fea4bb2/30 ***7***
/sys_perf_check/cf53ce0b8fea4bb2/30 ***5***
/sys_perf_check/cf53ce0b8fea4bb2/30 ***7***
/sys_perf_check/cf53ce0b8fea4bb2/30/ ***19***
/sys_perf_check/cf53ce0b8fea4bb2/30/ ***21***
/sys_perf_check/cf53ce0b8fea4bb2/30/ ***28***
/sys_perf_check/cf53ce0b8fea4bb2/30/ ***24***
/sys_perf_check/cf53ce0b8fea4bb2/30/ ***23***
/sys_perf_check/cf53ce0b8fea4bb2/30/ ***20***
/sys_perf_check/cf53ce0b8fea4bb2/30/ ***21***
/sys_perf_check/cf53ce0b8fea4bb2/30/ ***25***
/sys_perf_check/cf53ce0b8fea4bb2/30/ ***27***
/sys_perf_check/cf53ce0b8fea4bb2/30/ ***30***
/sys_perf_check/cf53ce0b8fea4bb2/30/ ***25***
/sys_perf_check/cf53ce0b8fea4bb2/30/ ***27***
/sys_perf_check/cf53ce0b8fea4bb2/30/ ***22***
/sys_perf_check/cf53ce0b8fea4bb2/30/ ***24***
/sys_perf_check/cf53ce0b8fea4bb2/30 ***2***
/sys_perf_check/cf53ce0b8fea4bb2/30 ***5***
/sys_perf_check/cf53ce0b8fea4bb2/30 ***5***
/sys_perf_check/cf53ce0b8fea4bb2/30 ***3***
/sys_perf_check/cf53ce0b8fea4bb2/30 ***2***
/sys_perf_check/cf53ce0b8fea4bb2/30 ***3***
/sys_perf_check/cf53ce0b8fea4bb2/30 ***2***
/sys_perf_check/cf53ce0b8fea4bb2/30 ***4***
/sys_perf_check/cf53ce0b8fea4bb2/30 ***2***
/sys_perf_check/cf53ce0b8fea4bb2/30 ***4***
/sys_perf_check/cf53ce0b8fea4bb2/30/ ***22***
/sys_perf_check/cf53ce0b8fea4bb2/30/ ***19***
/sys_perf_check/cf53ce0b8fea4bb2/30/ ***26***
/sys_perf_check/cf53ce0b8fea4bb2/30/ ***26***
/sys_perf_check/cf53ce0b8fea4bb2/30/ ***20***
/sys_perf_check/cf53ce0b8fea4bb2/30/ ***27***
/sys_perf_check/cf53ce0b8fea4bb2/30/ ***18***
/sys_perf_check/cf53ce0b8fea4bb2/30/ ***25***
/sys_perf_check/cf53ce0b8fea4bb2/30/ ***24***
/sys_perf_check/cf53ce0b8fea4bb2/30/ ***27***
/sys_perf_check/cf53ce0b8fea4bb2/30 ***2***
/sys_perf_check/cf53ce0b8fea4bb2/30/ ***22***
/sys_perf_check/cf53ce0b8fea4bb2/30 ***4***
/sys_perf_check/cf53ce0b8fea4bb2/30 ***4***
/sys_perf_check/cf53ce0b8fea4bb2/30 ***2***
/sys_perf_check/cf53ce0b8fea4bb2/30/ ***21***
/sys_perf_check/cf53ce0b8fea4bb2/30/ ***25***
/sys_perf_check/cf53ce0b8fea4bb2/30/ ***20***
/sys_perf_check/cf53ce0b8fea4bb2/30 ***2***
/sys_perf_check/cf53ce0b8fea4bb2/30/ ***20***
/sys_perf_check/cf53ce0b8fea4bb2/30 ***2***
/sys_perf_check/cf53ce0b8fea4bb2/30/ ***21***
/sys_perf_check/cf53ce0b8fea4bb2/30 ***2***
/sys_perf_check/cf53ce0b8fea4bb2/30 ***2***
/sys_perf_check/cf53ce0b8fea4bb2/30 ***2***
/sys_perf_check/cf53ce0b8fea4bb2/30 ***2***
/sys_perf_check/cf53ce0b8fea4bb2/30 ***2***
/sys_perf_check/cf53ce0b8fea4bb2/30 ***4***
/sys_perf_check/cf53ce0b8fea4bb2/30 ***4***
/sys_perf_check/cf53ce0b8fea4bb2/30 ***4***
/sys_perf_check/cf53ce0b8fea4bb2/30 ***5***
/sys_perf_check/cf53ce0b8fea4bb2/30 ***5***
/sys_perf_check/cf53ce0b8fea4bb2/30 ***4***
/sys_perf_check/cf53ce0b8fea4bb2/30 ***9***
/sys_perf_check/cf53ce0b8fea4bb2/30 ***12***
/sys_perf_check/cf53ce0b8fea4bb2/30/ ***21***
/sys_perf_check/cf53ce0b8fea4bb2/30/ ***28***
/sys_perf_check/cf53ce0b8fea4bb2/30/ ***29***
/sys_perf_check/cf53ce0b8fea4bb2/30/ ***33***
/sys_perf_check/cf53ce0b8fea4bb2/30/ ***19***
/sys_perf_check/cf53ce0b8fea4bb2/30/ ***24***
/sys_perf_check/cf53ce0b8fea4bb2/30/ ***22***
/sys_perf_check/cf53ce0b8fea4bb2/30/ ***21***
/sys_perf_check/cf53ce0b8fea4bb2/30/ ***22***
/sys_perf_check/cf53ce0b8fea4bb2/30/ ***23***
/sys_perf_check/cf53ce0b8fea4bb2/30 ***1***
/sys_perf_check/cf53ce0b8fea4bb2/30/ ***23***
/sys_perf_check/cf53ce0b8fea4bb2/30/ ***25***
/sys_perf_check/cf53ce0b8fea4bb2/30/ ***25***
/sys_perf_check/cf53ce0b8fea4bb2/30/ ***19***
/sys_perf_check/cf53ce0b8fea4bb2/30 ***2***
/sys_perf_check/cf53ce0b8fea4bb2/30 ***2***
/sys_perf_check/cf53ce0b8fea4bb2/30 ***2***
/sys_perf_check/cf53ce0b8fea4bb2/30 ***2***
Wed Mar  8 12:53:38 2023 - uwsgi_response_write_headers_do(): Broken pipe [core/writer.c line 248] during GET /sys_perf_check/cf53ce0b8fea4bb2/30 (10.14.15.156)
/sys_perf_check/cf53ce0b8fea4bb2/30 ***3***
Wed Mar  8 12:53:38 2023 - uwsgi_response_write_headers_do(): Broken pipe [core/writer.c line 248] during GET /sys_perf_check/cf53ce0b8fea4bb2/30 (10.14.15.156)
Wed Mar  8 12:53:38 2023 - uwsgi_response_write_headers_do(): Broken pipe [core/writer.c line 248] during GET /sys_perf_check/cf53ce0b8fea4bb2/30 (10.14.15.156)
/sys_perf_check/cf53ce0b8fea4bb2/30 ***4***
/sys_perf_check/cf53ce0b8fea4bb2/30 ***4***
/sys_perf_check/cf53ce0b8fea4bb2/30/ ***20***
